   1                             		.file	"app_main.c"
   2                             		.section P,"ax"
   3                             	.Ltext0:
   5                             	_out_b:
   6                             	.LFB2:
   7                             		.file 1 "d:\\tkernel_dev\\mtk3_bsp\\dev_bsp_b2_tbrx65n\\include\\tk\\sysdepend\\cpu\\rx65n\\syslib
   1:d:\tkernel_dev\mtk3_bsp\dev_bsp_b2_tbrx65n\include\tk\sysdepend\cpu\rx65n\syslib.h **** /*
   2:d:\tkernel_dev\mtk3_bsp\dev_bsp_b2_tbrx65n\include\tk\sysdepend\cpu\rx65n\syslib.h ****  *----------------------------------------------------------------------
   3:d:\tkernel_dev\mtk3_bsp\dev_bsp_b2_tbrx65n\include\tk\sysdepend\cpu\rx65n\syslib.h ****  *    micro T-Kernel 3.00.06.B0
   4:d:\tkernel_dev\mtk3_bsp\dev_bsp_b2_tbrx65n\include\tk\sysdepend\cpu\rx65n\syslib.h ****  *
   5:d:\tkernel_dev\mtk3_bsp\dev_bsp_b2_tbrx65n\include\tk\sysdepend\cpu\rx65n\syslib.h ****  *    Copyright (C) 2022 by Ken Sakamura.
   6:d:\tkernel_dev\mtk3_bsp\dev_bsp_b2_tbrx65n\include\tk\sysdepend\cpu\rx65n\syslib.h ****  *    This software is distributed under the T-License 2.2.
   7:d:\tkernel_dev\mtk3_bsp\dev_bsp_b2_tbrx65n\include\tk\sysdepend\cpu\rx65n\syslib.h ****  *----------------------------------------------------------------------
   8:d:\tkernel_dev\mtk3_bsp\dev_bsp_b2_tbrx65n\include\tk\sysdepend\cpu\rx65n\syslib.h ****  *
   9:d:\tkernel_dev\mtk3_bsp\dev_bsp_b2_tbrx65n\include\tk\sysdepend\cpu\rx65n\syslib.h ****  *    Released by TRON Forum(http://www.tron.org) at 2022/04.
  10:d:\tkernel_dev\mtk3_bsp\dev_bsp_b2_tbrx65n\include\tk\sysdepend\cpu\rx65n\syslib.h ****  *
  11:d:\tkernel_dev\mtk3_bsp\dev_bsp_b2_tbrx65n\include\tk\sysdepend\cpu\rx65n\syslib.h ****  *----------------------------------------------------------------------
  12:d:\tkernel_dev\mtk3_bsp\dev_bsp_b2_tbrx65n\include\tk\sysdepend\cpu\rx65n\syslib.h ****  */
  13:d:\tkernel_dev\mtk3_bsp\dev_bsp_b2_tbrx65n\include\tk\sysdepend\cpu\rx65n\syslib.h **** /*
  14:d:\tkernel_dev\mtk3_bsp\dev_bsp_b2_tbrx65n\include\tk\sysdepend\cpu\rx65n\syslib.h ****  *	syslib.h
  15:d:\tkernel_dev\mtk3_bsp\dev_bsp_b2_tbrx65n\include\tk\sysdepend\cpu\rx65n\syslib.h ****  *
  16:d:\tkernel_dev\mtk3_bsp\dev_bsp_b2_tbrx65n\include\tk\sysdepend\cpu\rx65n\syslib.h ****  *	micro T-Kernel System Library  (RX65N depended)
  17:d:\tkernel_dev\mtk3_bsp\dev_bsp_b2_tbrx65n\include\tk\sysdepend\cpu\rx65n\syslib.h ****  */
  18:d:\tkernel_dev\mtk3_bsp\dev_bsp_b2_tbrx65n\include\tk\sysdepend\cpu\rx65n\syslib.h **** 
  19:d:\tkernel_dev\mtk3_bsp\dev_bsp_b2_tbrx65n\include\tk\sysdepend\cpu\rx65n\syslib.h **** #ifndef __TK_SYSLIB_CPU_DEPEND_H__
  20:d:\tkernel_dev\mtk3_bsp\dev_bsp_b2_tbrx65n\include\tk\sysdepend\cpu\rx65n\syslib.h **** #define __TK_SYSLIB_CPU_DEPEND_H__
  21:d:\tkernel_dev\mtk3_bsp\dev_bsp_b2_tbrx65n\include\tk\sysdepend\cpu\rx65n\syslib.h **** 
  22:d:\tkernel_dev\mtk3_bsp\dev_bsp_b2_tbrx65n\include\tk\sysdepend\cpu\rx65n\syslib.h **** #include "../core/rxv2/syslib.h"
  23:d:\tkernel_dev\mtk3_bsp\dev_bsp_b2_tbrx65n\include\tk\sysdepend\cpu\rx65n\syslib.h **** 
  24:d:\tkernel_dev\mtk3_bsp\dev_bsp_b2_tbrx65n\include\tk\sysdepend\cpu\rx65n\syslib.h **** /*----------------------------------------------------------------------*/
  25:d:\tkernel_dev\mtk3_bsp\dev_bsp_b2_tbrx65n\include\tk\sysdepend\cpu\rx65n\syslib.h **** /*
  26:d:\tkernel_dev\mtk3_bsp\dev_bsp_b2_tbrx65n\include\tk\sysdepend\cpu\rx65n\syslib.h ****  * Interrupt controller Control
  27:d:\tkernel_dev\mtk3_bsp\dev_bsp_b2_tbrx65n\include\tk\sysdepend\cpu\rx65n\syslib.h ****  *
  28:d:\tkernel_dev\mtk3_bsp\dev_bsp_b2_tbrx65n\include\tk\sysdepend\cpu\rx65n\syslib.h ****  */
  29:d:\tkernel_dev\mtk3_bsp\dev_bsp_b2_tbrx65n\include\tk\sysdepend\cpu\rx65n\syslib.h **** #define IM_LEVEL	0x0004		/* Level trigger */
  30:d:\tkernel_dev\mtk3_bsp\dev_bsp_b2_tbrx65n\include\tk\sysdepend\cpu\rx65n\syslib.h **** #define IM_EDGE		0x0000		/* Edge trigger */
  31:d:\tkernel_dev\mtk3_bsp\dev_bsp_b2_tbrx65n\include\tk\sysdepend\cpu\rx65n\syslib.h **** 
  32:d:\tkernel_dev\mtk3_bsp\dev_bsp_b2_tbrx65n\include\tk\sysdepend\cpu\rx65n\syslib.h **** #define IM_HI		0x0000		/* H level/Interrupt at rising edge */
  33:d:\tkernel_dev\mtk3_bsp\dev_bsp_b2_tbrx65n\include\tk\sysdepend\cpu\rx65n\syslib.h **** #define IM_LOW		0x0001		/* L level/Interrupt at falling edge */
  34:d:\tkernel_dev\mtk3_bsp\dev_bsp_b2_tbrx65n\include\tk\sysdepend\cpu\rx65n\syslib.h **** #define IM_BOTH		0x0003		/* L level/Interrupt at both edge */
  35:d:\tkernel_dev\mtk3_bsp\dev_bsp_b2_tbrx65n\include\tk\sysdepend\cpu\rx65n\syslib.h **** 
  36:d:\tkernel_dev\mtk3_bsp\dev_bsp_b2_tbrx65n\include\tk\sysdepend\cpu\rx65n\syslib.h **** /* ------------------------------------------------------------------------ */
  37:d:\tkernel_dev\mtk3_bsp\dev_bsp_b2_tbrx65n\include\tk\sysdepend\cpu\rx65n\syslib.h **** /*
  38:d:\tkernel_dev\mtk3_bsp\dev_bsp_b2_tbrx65n\include\tk\sysdepend\cpu\rx65n\syslib.h ****  * I/O port access
  39:d:\tkernel_dev\mtk3_bsp\dev_bsp_b2_tbrx65n\include\tk\sysdepend\cpu\rx65n\syslib.h ****  *	for memory mapped I/O
  40:d:\tkernel_dev\mtk3_bsp\dev_bsp_b2_tbrx65n\include\tk\sysdepend\cpu\rx65n\syslib.h ****  */
  41:d:\tkernel_dev\mtk3_bsp\dev_bsp_b2_tbrx65n\include\tk\sysdepend\cpu\rx65n\syslib.h **** Inline void out_w( UW port, UW data )
  42:d:\tkernel_dev\mtk3_bsp\dev_bsp_b2_tbrx65n\include\tk\sysdepend\cpu\rx65n\syslib.h **** {
  43:d:\tkernel_dev\mtk3_bsp\dev_bsp_b2_tbrx65n\include\tk\sysdepend\cpu\rx65n\syslib.h **** 	*(_UW*)port = data;
  44:d:\tkernel_dev\mtk3_bsp\dev_bsp_b2_tbrx65n\include\tk\sysdepend\cpu\rx65n\syslib.h **** }
  45:d:\tkernel_dev\mtk3_bsp\dev_bsp_b2_tbrx65n\include\tk\sysdepend\cpu\rx65n\syslib.h **** Inline void out_h( UW port, UH data )
  46:d:\tkernel_dev\mtk3_bsp\dev_bsp_b2_tbrx65n\include\tk\sysdepend\cpu\rx65n\syslib.h **** {
  47:d:\tkernel_dev\mtk3_bsp\dev_bsp_b2_tbrx65n\include\tk\sysdepend\cpu\rx65n\syslib.h **** 	*(_UH*)port = data;
  48:d:\tkernel_dev\mtk3_bsp\dev_bsp_b2_tbrx65n\include\tk\sysdepend\cpu\rx65n\syslib.h **** }
  49:d:\tkernel_dev\mtk3_bsp\dev_bsp_b2_tbrx65n\include\tk\sysdepend\cpu\rx65n\syslib.h **** Inline void out_b( UW port, UB data )
  50:d:\tkernel_dev\mtk3_bsp\dev_bsp_b2_tbrx65n\include\tk\sysdepend\cpu\rx65n\syslib.h **** {
   8                             		.loc 1 50 1
   9 0000 7E AA                   		push.l	r10
  10                             	.LCFI0:
  11 0002 71 0A F8                		add	#-8, r0, r10
  12                             	.LCFI1:
  13 0005 EF A0                   		mov.L	r10, r0
  14 0007 E3 A1                   		mov.L	r1, [r10]
  15 0009 C7 A2 04                		mov.B	r2, 4[r10]
  51:d:\tkernel_dev\mtk3_bsp\dev_bsp_b2_tbrx65n\include\tk\sysdepend\cpu\rx65n\syslib.h **** 	*(_UB*)port = data;
  16                             		.loc 1 51 3
  17 000c EC A5                   		mov.L	[r10], r5
  18                             		.loc 1 51 14
  19 000e CD A4 04                		mov.B	4[r10], r4
  20 0011 C3 54                   		mov.B	r4, [r5]
  52:d:\tkernel_dev\mtk3_bsp\dev_bsp_b2_tbrx65n\include\tk\sysdepend\cpu\rx65n\syslib.h **** }
  21                             		.loc 1 52 1
  22 0013 03                      		nop
  23 0014 3F AA 03                		rtsd	#12, r10-r10
  24                             	.LFE2:
  27                             	_in_w:
  28                             	.LFB3:
  53:d:\tkernel_dev\mtk3_bsp\dev_bsp_b2_tbrx65n\include\tk\sysdepend\cpu\rx65n\syslib.h **** 
  54:d:\tkernel_dev\mtk3_bsp\dev_bsp_b2_tbrx65n\include\tk\sysdepend\cpu\rx65n\syslib.h **** Inline UW in_w( UW port )
  55:d:\tkernel_dev\mtk3_bsp\dev_bsp_b2_tbrx65n\include\tk\sysdepend\cpu\rx65n\syslib.h **** {
  29                             		.loc 1 55 1
  30 0017 7E AA                   		push.l	r10
  31                             	.LCFI2:
  32 0019 71 0A FC                		add	#-4, r0, r10
  33                             	.LCFI3:
  34 001c EF A0                   		mov.L	r10, r0
  35 001e E3 A1                   		mov.L	r1, [r10]
  56:d:\tkernel_dev\mtk3_bsp\dev_bsp_b2_tbrx65n\include\tk\sysdepend\cpu\rx65n\syslib.h **** 	return *(_UW*)port;
  36                             		.loc 1 56 10
  37 0020 EC A5                   		mov.L	[r10], r5
  38                             		.loc 1 56 9
  39 0022 EC 55                   		mov.L	[r5], r5
  57:d:\tkernel_dev\mtk3_bsp\dev_bsp_b2_tbrx65n\include\tk\sysdepend\cpu\rx65n\syslib.h **** }
  40                             		.loc 1 57 1
  41 0024 EF 51                   		mov.L	r5, r1
  42 0026 3F AA 02                		rtsd	#8, r10-r10
  43                             	.LFE3:
  46                             	_in_b:
  47                             	.LFB5:
  58:d:\tkernel_dev\mtk3_bsp\dev_bsp_b2_tbrx65n\include\tk\sysdepend\cpu\rx65n\syslib.h **** Inline UH in_h( UW port )
  59:d:\tkernel_dev\mtk3_bsp\dev_bsp_b2_tbrx65n\include\tk\sysdepend\cpu\rx65n\syslib.h **** {
  60:d:\tkernel_dev\mtk3_bsp\dev_bsp_b2_tbrx65n\include\tk\sysdepend\cpu\rx65n\syslib.h **** 	return *(_UH*)port;
  61:d:\tkernel_dev\mtk3_bsp\dev_bsp_b2_tbrx65n\include\tk\sysdepend\cpu\rx65n\syslib.h **** }
  62:d:\tkernel_dev\mtk3_bsp\dev_bsp_b2_tbrx65n\include\tk\sysdepend\cpu\rx65n\syslib.h **** Inline UB in_b( UW port )
  63:d:\tkernel_dev\mtk3_bsp\dev_bsp_b2_tbrx65n\include\tk\sysdepend\cpu\rx65n\syslib.h **** {
  48                             		.loc 1 63 1
  49 0029 7E AA                   		push.l	r10
  50                             	.LCFI4:
  51 002b 71 0A FC                		add	#-4, r0, r10
  52                             	.LCFI5:
  53 002e EF A0                   		mov.L	r10, r0
  54 0030 E3 A1                   		mov.L	r1, [r10]
  64:d:\tkernel_dev\mtk3_bsp\dev_bsp_b2_tbrx65n\include\tk\sysdepend\cpu\rx65n\syslib.h **** 	return *(_UB*)port;
  55                             		.loc 1 64 10
  56 0032 EC A5                   		mov.L	[r10], r5
  57                             		.loc 1 64 9
  58 0034 CC 55                   		mov.B	[r5], r5
  59 0036 5B 55                   		movu.B	r5, r5
  65:d:\tkernel_dev\mtk3_bsp\dev_bsp_b2_tbrx65n\include\tk\sysdepend\cpu\rx65n\syslib.h **** }
  60                             		.loc 1 65 1
  61 0038 EF 51                   		mov.L	r5, r1
  62 003a 3F AA 02                		rtsd	#8, r10-r10
  63                             	.LFE5:
  65                             		.comm	_flgid1,4,4
  66                             		.global	_tsk1
  68                             	_tsk1:
  69                             	.LFB6:
  70                             		.file 2 "../app_program/app_main.c"
   1:../app_program/app_main.c **** #include <tk/tkernel.h>
   2:../app_program/app_main.c **** #include <tm/tmonitor.h>
   3:../app_program/app_main.c **** 
   4:../app_program/app_main.c **** ID	flgid1;
   5:../app_program/app_main.c **** 
   6:../app_program/app_main.c **** void tsk1(INT stacd, void *exinf)
   7:../app_program/app_main.c **** {
  71                             		.loc 2 7 1
  72 003d 7E AA                   		push.l	r10
  73                             	.LCFI6:
  74 003f 71 0A F4                		add	#-12, r0, r10
  75                             	.LCFI7:
  76 0042 EF A0                   		mov.L	r10, r0
  77 0044 E7 A1 01                		mov.L	r1, 4[r10]
  78 0047 E7 A2 02                		mov.L	r2, 8[r10]
   8:../app_program/app_main.c **** 	UB	data, pdata;
   9:../app_program/app_main.c **** 
  10:../app_program/app_main.c **** 	pdata = in_w(PORTB_PIDR) & (1<<1);
  79                             		.loc 2 10 10
  80 004a FB 1E 4B C0 08          		mov.L	#0x8c04b, r1
  81 004f 39 C8 FF                		bsr	_in_w
  82 0052 EF 15                   		mov.L	r1, r5
  83                             		.loc 2 10 8
  84 0054 64 25                   		and	#2, r5
  85 0056 C3 A5                   		mov.B	r5, [r10]
  86                             	.L9:
  11:../app_program/app_main.c **** 	while(1) {
  12:../app_program/app_main.c **** 		data = in_w(PORTB_PIDR) & (1<<1);
  87                             		.loc 2 12 10
  88 0058 FB 1E 4B C0 08          		mov.L	#0x8c04b, r1
  89 005d 39 BA FF                		bsr	_in_w
  90 0060 EF 15                   		mov.L	r1, r5
  91                             		.loc 2 12 8
  92 0062 64 25                   		and	#2, r5
  93 0064 C7 A5 01                		mov.B	r5, 1[r10]
  13:../app_program/app_main.c **** 		if(data != pdata) {
  94                             		.loc 2 13 5
  95 0067 59 A4 01                		movu.B	1[r10], r4
  96 006a 58 A5                   		movu.B	[r10], r5
  97 006c 47 54                   		cmp	r5, r4
  98 006e 20 12                   		beq	.L7
  14:../app_program/app_main.c **** 			if(!data) {
  99                             		.loc 2 14 6
 100 0070 59 A5 01                		movu.B	1[r10], r5
 101 0073 61 05                   		cmp	#0, r5
 102 0075 1E                      		bne	.L8
  15:../app_program/app_main.c **** 				pdata = data; // dummy
 103                             		.loc 2 15 11
 104 0076 CD A5 01                		mov.B	1[r10], r5
 105 0079 C3 A5                   		mov.B	r5, [r10]
 106                             	.L8:
  16:../app_program/app_main.c **** 			}
  17:../app_program/app_main.c **** 			pdata = data;
 107                             		.loc 2 17 10
 108 007b CD A5 01                		mov.B	1[r10], r5
 109 007e C3 A5                   		mov.B	r5, [r10]
 110                             	.L7:
  18:../app_program/app_main.c **** 		}
  19:../app_program/app_main.c **** 		tk_dly_tsk(100);
 111                             		.loc 2 19 3
 112 0080 75 41 64                		mov.L	#0x64, r1
 113 0083 05 00 00 00             		bsr	_tk_dly_tsk
  12:../app_program/app_main.c **** 		if(data != pdata) {
 114                             		.loc 2 12 8
 115 0087 2E D1                   		bra	.L9
 116                             	.LFE6:
 118                             		.global	_tsk2
 120                             	_tsk2:
 121                             	.LFB7:
  20:../app_program/app_main.c **** 	}
  21:../app_program/app_main.c **** }
  22:../app_program/app_main.c **** 
  23:../app_program/app_main.c **** 
  24:../app_program/app_main.c **** void tsk2(INT stacd, void *exinf)
  25:../app_program/app_main.c **** {
 122                             		.loc 2 25 1
 123 0089 7E AA                   		push.l	r10
 124                             	.LCFI8:
 125 008b 71 0A F8                		add	#-8, r0, r10
 126                             	.LCFI9:
 127 008e EF A0                   		mov.L	r10, r0
 128 0090 E3 A1                   		mov.L	r1, [r10]
 129 0092 E7 A2 01                		mov.L	r2, 4[r10]
 130                             	.L11:
  26:../app_program/app_main.c **** 	while(1) {
  27:../app_program/app_main.c **** 		tk_dly_tsk(1000);
 131                             		.loc 2 27 3 discriminator 1
 132 0095 FB 1A E8 03             		mov.L	#0x3e8, r1
 133 0099 05 00 00 00             		bsr	_tk_dly_tsk
  28:../app_program/app_main.c **** 		out_b(PORTD_PODR, in_b(PORTD_PODR)^(1<<6));
 134                             		.loc 2 28 21 discriminator 1
 135 009d FB 1E 2D C0 08          		mov.L	#0x8c02d, r1
 136 00a2 39 87 FF                		bsr	_in_b
 137 00a5 EF 15                   		mov.L	r1, r5
 138                             		.loc 2 28 3 discriminator 1
 139 00a7 FD 74 D5 40             		xor	#0x40, r5
 140 00ab CF 52                   		mov.B	r5, r2
 141 00ad FB 1E 2D C0 08          		mov.L	#0x8c02d, r1
 142 00b2 39 4E FF                		bsr	_out_b
  27:../app_program/app_main.c **** 		out_b(PORTD_PODR, in_b(PORTD_PODR)^(1<<6));
 143                             		.loc 2 27 3 discriminator 1
 144 00b5 2E E0                   		bra	.L11
 145                             	.LFE7:
 147                             		.global	_tsk3
 149                             	_tsk3:
 150                             	.LFB8:
  29:../app_program/app_main.c **** 	}
  30:../app_program/app_main.c **** 
  31:../app_program/app_main.c **** }
  32:../app_program/app_main.c **** 
  33:../app_program/app_main.c **** void tsk3(INT stacd, void *exinf)
  34:../app_program/app_main.c **** {
 151                             		.loc 2 34 1
 152 00b7 7E AA                   		push.l	r10
 153                             	.LCFI10:
 154 00b9 71 0A F8                		add	#-8, r0, r10
 155                             	.LCFI11:
 156 00bc EF A0                   		mov.L	r10, r0
 157 00be E3 A1                   		mov.L	r1, [r10]
 158 00c0 E7 A2 01                		mov.L	r2, 4[r10]
 159                             	.L13:
  35:../app_program/app_main.c **** 	while(1) {
  36:../app_program/app_main.c **** 		tk_dly_tsk(2000);
 160                             		.loc 2 36 3 discriminator 1
 161 00c3 FB 1A D0 07             		mov.L	#0x7d0, r1
 162 00c7 05 00 00 00             		bsr	_tk_dly_tsk
  37:../app_program/app_main.c **** 		out_b(PORTD_PODR, in_b(PORTD_PODR)^(1<<7));
 163                             		.loc 2 37 21 discriminator 1
 164 00cb FB 1E 2D C0 08          		mov.L	#0x8c02d, r1
 165 00d0 39 59 FF                		bsr	_in_b
 166 00d3 EF 15                   		mov.L	r1, r5
 167                             		.loc 2 37 3 discriminator 1
 168 00d5 FD 74 D5 80             		xor	#-128, r5
 169 00d9 CF 52                   		mov.B	r5, r2
 170 00db FB 1E 2D C0 08          		mov.L	#0x8c02d, r1
 171 00e0 39 20 FF                		bsr	_out_b
  36:../app_program/app_main.c **** 		out_b(PORTD_PODR, in_b(PORTD_PODR)^(1<<7));
 172                             		.loc 2 36 3 discriminator 1
 173 00e3 2E E0                   		bra	.L13
 174                             	.LFE8:
 176                             		.global	_ctsk1
 177                             		.section C,"a",@progbits
 178                             		.p2align 2
 179                             		.balign 4
 182                             	_ctsk1:
 183 0000 00 00 00 00             		.zero	4
 184 0004 01 03 00 00             		.long	0x301
 185 0008 00 00 00 00             		.long	_tsk1
 186 000c 0A 00 00 00             		.long	10
 187 0010 00 04 00 00             		.long	0x400
 188 0014 00 00 00 00             		.zero	4
 189                             		.global	_ctsk2
 190                             		.balign 4
 193                             	_ctsk2:
 194 0018 00 00 00 00             		.zero	4
 195 001c 01 03 00 00             		.long	0x301
 196 0020 00 00 00 00             		.long	_tsk2
 197 0024 0A 00 00 00             		.long	10
 198 0028 00 04 00 00             		.long	0x400
 199 002c 00 00 00 00             		.zero	4
 200                             		.global	_ctsk3
 201                             		.balign 4
 204                             	_ctsk3:
 205 0030 00 00 00 00             		.zero	4
 206 0034 01 03 00 00             		.long	0x301
 207 0038 00 00 00 00             		.long	_tsk3
 208 003c 0A 00 00 00             		.long	10
 209 0040 00 04 00 00             		.long	0x400
 210 0044 00 00 00 00             		.zero	4
 211                             		.section P,"ax"
 212                             		.global	_usermain
 214                             	_usermain:
 215                             	.LFB9:
  38:../app_program/app_main.c **** 	}
  39:../app_program/app_main.c **** 
  40:../app_program/app_main.c **** }
  41:../app_program/app_main.c **** 
  42:../app_program/app_main.c **** const T_CTSK	ctsk1 = {
  43:../app_program/app_main.c **** 	.tskatr		= TA_HLNG | TA_RNG3,
  44:../app_program/app_main.c **** 	.itskpri	= 10,
  45:../app_program/app_main.c **** 	.stksz		= 1024,
  46:../app_program/app_main.c **** 	.task		= tsk1,
  47:../app_program/app_main.c **** };
  48:../app_program/app_main.c **** 
  49:../app_program/app_main.c **** const T_CTSK	ctsk2 = {
  50:../app_program/app_main.c **** 	.tskatr		= TA_HLNG | TA_RNG3,
  51:../app_program/app_main.c **** 	.itskpri	= 10,
  52:../app_program/app_main.c **** 	.stksz		= 1024,
  53:../app_program/app_main.c **** 	.task		= tsk2,
  54:../app_program/app_main.c **** };
  55:../app_program/app_main.c **** 
  56:../app_program/app_main.c **** const T_CTSK	ctsk3 = {
  57:../app_program/app_main.c **** 	.tskatr		= TA_HLNG | TA_RNG3,
  58:../app_program/app_main.c **** 	.itskpri	= 10,
  59:../app_program/app_main.c **** 	.stksz		= 1024,
  60:../app_program/app_main.c **** 	.task		= tsk3,
  61:../app_program/app_main.c **** };
  62:../app_program/app_main.c **** 
  63:../app_program/app_main.c **** /* usermain関数 */
  64:../app_program/app_main.c **** EXPORT INT usermain(void)
  65:../app_program/app_main.c **** {
 216                             		.loc 2 65 1
 217 00e5 7E AA                   		push.l	r10
 218                             	.LCFI12:
 219 00e7 71 0A F4                		add	#-12, r0, r10
 220                             	.LCFI13:
 221 00ea EF A0                   		mov.L	r10, r0
  66:../app_program/app_main.c **** 	ID	tskid1, tskid2, tskid3;
  67:../app_program/app_main.c **** 
  68:../app_program/app_main.c **** 	tskid1 = tk_cre_tsk(&ctsk1);
 222                             		.loc 2 68 11
 223 00ec FB 12 00 00 00 00       		mov.L	#_ctsk1, r1
 224 00f2 05 00 00 00             		bsr	_tk_cre_tsk
 225 00f6 E3 A1                   		mov.L	r1, [r10]
  69:../app_program/app_main.c **** 	tk_sta_tsk(tskid1, 0);
 226                             		.loc 2 69 2
 227 00f8 66 02                   		mov.L	#0, r2
 228 00fa EC A1                   		mov.L	[r10], r1
 229 00fc 05 00 00 00             		bsr	_tk_sta_tsk
  70:../app_program/app_main.c **** 
  71:../app_program/app_main.c **** 	tskid2 = tk_cre_tsk(&ctsk2);
 230                             		.loc 2 71 11
 231 0100 FB 12 00 00 00 00       		mov.L	#_ctsk2, r1
 232 0106 05 00 00 00             		bsr	_tk_cre_tsk
 233 010a E7 A1 01                		mov.L	r1, 4[r10]
  72:../app_program/app_main.c **** 	tk_sta_tsk(tskid2, 0);
 234                             		.loc 2 72 2
 235 010d 66 02                   		mov.L	#0, r2
 236 010f ED A1 01                		mov.L	4[r10], r1
 237 0112 05 00 00 00             		bsr	_tk_sta_tsk
  73:../app_program/app_main.c **** 
  74:../app_program/app_main.c **** 	tskid3 = tk_cre_tsk(&ctsk3);
 238                             		.loc 2 74 11
 239 0116 FB 12 00 00 00 00       		mov.L	#_ctsk3, r1
 240 011c 05 00 00 00             		bsr	_tk_cre_tsk
 241 0120 E7 A1 02                		mov.L	r1, 8[r10]
  75:../app_program/app_main.c **** 	tk_sta_tsk(tskid3, 0);
 242                             		.loc 2 75 2
 243 0123 66 02                   		mov.L	#0, r2
 244 0125 ED A1 02                		mov.L	8[r10], r1
 245 0128 05 00 00 00             		bsr	_tk_sta_tsk
  76:../app_program/app_main.c **** 
  77:../app_program/app_main.c **** 	tk_slp_tsk(TMO_FEVR);
 246                             		.loc 2 77 2
 247 012c FB 16 FF                		mov.L	#-1, r1
 248 012f 05 00 00 00             		bsr	_tk_slp_tsk
  78:../app_program/app_main.c **** 	return 0;
 249                             		.loc 2 78 9
 250 0133 66 05                   		mov.L	#0, r5
  79:../app_program/app_main.c **** }...
 251                             		.loc 2 79 1
 252 0135 EF 51                   		mov.L	r5, r1
 253 0137 3F AA 04                		rtsd	#16, r10-r10
 254                             	.LFE9:
 407                             	.Letext0:
 408                             		.file 3 "D:\\tkernel_dev\\mtk3_bsp\\dev_bsp_b2_tbrx65n\\include/tk/typedef.h"
 409                             		.file 4 "D:\\tkernel_dev\\mtk3_bsp\\dev_bsp_b2_tbrx65n\\include/tk/syscall.h"
