   1                             		.file	"exc_hdr.c"
   2                             		.section P,"ax"
   3                             	.Ltext0:
   4                             		.section C,"a",@progbits
   5                             		.p2align 2
   6                             	.LC0:
   7 0000 4E 4D 49 0A 00          		.string	"NMI\n"
   8                             		.section P,"ax"
   9                             		.weak	_NMI_Handler
  11                             	_NMI_Handler:
  12                             	.LFB19:
  13                             		.file 1 "../kernel/sysdepend/cpu/core/rxv2/exc_hdr.c"
   1:../kernel/sysdepend/cpu/core/rxv2/exc_hdr.c **** /*
   2:../kernel/sysdepend/cpu/core/rxv2/exc_hdr.c ****  *----------------------------------------------------------------------
   3:../kernel/sysdepend/cpu/core/rxv2/exc_hdr.c ****  *    micro T-Kernel 3.00.03
   4:../kernel/sysdepend/cpu/core/rxv2/exc_hdr.c ****  *
   5:../kernel/sysdepend/cpu/core/rxv2/exc_hdr.c ****  *    Copyright (C) 2006-2021 by Ken Sakamura.
   6:../kernel/sysdepend/cpu/core/rxv2/exc_hdr.c ****  *    This software is distributed under the T-License 2.2.
   7:../kernel/sysdepend/cpu/core/rxv2/exc_hdr.c ****  *----------------------------------------------------------------------
   8:../kernel/sysdepend/cpu/core/rxv2/exc_hdr.c ****  *
   9:../kernel/sysdepend/cpu/core/rxv2/exc_hdr.c ****  *    Released by TRON Forum(http://www.tron.org) at 2021/03/31.
  10:../kernel/sysdepend/cpu/core/rxv2/exc_hdr.c ****  *
  11:../kernel/sysdepend/cpu/core/rxv2/exc_hdr.c ****  *----------------------------------------------------------------------
  12:../kernel/sysdepend/cpu/core/rxv2/exc_hdr.c ****  */
  13:../kernel/sysdepend/cpu/core/rxv2/exc_hdr.c **** 
  14:../kernel/sysdepend/cpu/core/rxv2/exc_hdr.c **** #include <sys/machine.h>
  15:../kernel/sysdepend/cpu/core/rxv2/exc_hdr.c **** #ifdef CPU_CORE_RXV2
  16:../kernel/sysdepend/cpu/core/rxv2/exc_hdr.c **** 
  17:../kernel/sysdepend/cpu/core/rxv2/exc_hdr.c **** /*
  18:../kernel/sysdepend/cpu/core/rxv2/exc_hdr.c ****  *	exc_hdr.c (RXv2)
  19:../kernel/sysdepend/cpu/core/rxv2/exc_hdr.c ****  *	Exception handler
  20:../kernel/sysdepend/cpu/core/rxv2/exc_hdr.c ****  */
  21:../kernel/sysdepend/cpu/core/rxv2/exc_hdr.c **** 
  22:../kernel/sysdepend/cpu/core/rxv2/exc_hdr.c **** #include <tk/tkernel.h>
  23:../kernel/sysdepend/cpu/core/rxv2/exc_hdr.c **** #include <tm/tmonitor.h>
  24:../kernel/sysdepend/cpu/core/rxv2/exc_hdr.c **** #include <kernel.h>
  25:../kernel/sysdepend/cpu/core/rxv2/exc_hdr.c **** 
  26:../kernel/sysdepend/cpu/core/rxv2/exc_hdr.c **** #if (USE_EXCEPTION_DBG_MSG && USE_TMONITOR)
  27:../kernel/sysdepend/cpu/core/rxv2/exc_hdr.c **** 	#define EXCEPTION_DBG_MSG(a)	tm_printf((UB*)a)
  28:../kernel/sysdepend/cpu/core/rxv2/exc_hdr.c **** #else
  29:../kernel/sysdepend/cpu/core/rxv2/exc_hdr.c **** 	#define EXCEPTION_DBG_MSG(a)
  30:../kernel/sysdepend/cpu/core/rxv2/exc_hdr.c **** #endif
  31:../kernel/sysdepend/cpu/core/rxv2/exc_hdr.c **** 
  32:../kernel/sysdepend/cpu/core/rxv2/exc_hdr.c **** /*
  33:../kernel/sysdepend/cpu/core/rxv2/exc_hdr.c ****  * NMI handler
  34:../kernel/sysdepend/cpu/core/rxv2/exc_hdr.c ****  */
  35:../kernel/sysdepend/cpu/core/rxv2/exc_hdr.c **** WEAK_FUNC EXPORT void NMI_Handler(void)
  36:../kernel/sysdepend/cpu/core/rxv2/exc_hdr.c **** {
  14                             		.loc 1 36 1
  15                             		; Note: Interrupt Handler
  16 0000 6E 1F                   		pushm	r1-r15
  17                             	.LCFI0:
  18 0002 EF 0A                   		mov.L	r0, r10
  19                             	.LCFI1:
  20 0004 60 40                   		sub	#4, r0
  37:../kernel/sysdepend/cpu/core/rxv2/exc_hdr.c **** 	EXCEPTION_DBG_MSG("NMI\n");
  21                             		.loc 1 37 2
  22 0006 F8 02 00 00 00 00       		mov.L	#.LC0, [r0]
  23 000c 05 00 00 00             		bsr	_tm_printf
  24                             	.L2:
  38:../kernel/sysdepend/cpu/core/rxv2/exc_hdr.c **** 	while(1);
  25                             		.loc 1 38 7 discriminator 1
  26 0010 2E 00                   		bra	.L2
  27                             	.LFE19:
  29                             		.section C,"a",@progbits
  30 0005 00 00 00                		.p2align 2
  31                             	.LC1:
  32 0008 53 75 70 65 72 76 69 73 		.string	"Supervisor Instruction Exception\n"
  32      6F 72 20 49 6E 73 74 72 
  32      75 63 74 69 6F 6E 20 45 
  32      78 63 65 70 74 69 6F 6E 
  32      0A 00 
  33                             		.section P,"ax"
  34                             		.weak	_SuperVisorInst_Handler
  36                             	_SuperVisorInst_Handler:
  37                             	.LFB20:
  39:../kernel/sysdepend/cpu/core/rxv2/exc_hdr.c **** }
  40:../kernel/sysdepend/cpu/core/rxv2/exc_hdr.c **** 
  41:../kernel/sysdepend/cpu/core/rxv2/exc_hdr.c **** 
  42:../kernel/sysdepend/cpu/core/rxv2/exc_hdr.c **** /*
  43:../kernel/sysdepend/cpu/core/rxv2/exc_hdr.c ****  * Supervisor Instruction Exception Handler
  44:../kernel/sysdepend/cpu/core/rxv2/exc_hdr.c ****  */
  45:../kernel/sysdepend/cpu/core/rxv2/exc_hdr.c **** WEAK_FUNC EXPORT void SuperVisorInst_Handler(void)
  46:../kernel/sysdepend/cpu/core/rxv2/exc_hdr.c **** {
  38                             		.loc 1 46 1
  39                             		; Note: Interrupt Handler
  40 0012 6E 1F                   		pushm	r1-r15
  41                             	.LCFI2:
  42 0014 EF 0A                   		mov.L	r0, r10
  43                             	.LCFI3:
  44 0016 60 40                   		sub	#4, r0
  47:../kernel/sysdepend/cpu/core/rxv2/exc_hdr.c **** 	EXCEPTION_DBG_MSG("Supervisor Instruction Exception\n");
  45                             		.loc 1 47 2
  46 0018 F8 02 08 00 00 00       		mov.L	#.LC1, [r0]
  47 001e 05 00 00 00             		bsr	_tm_printf
  48                             	.L4:
  48:../kernel/sysdepend/cpu/core/rxv2/exc_hdr.c **** 	while(1);
  49                             		.loc 1 48 7 discriminator 1
  50 0022 2E 00                   		bra	.L4
  51                             	.LFE20:
  53                             		.section C,"a",@progbits
  54 002a 00 00                   		.p2align 2
  55                             	.LC2:
  56 002c 41 63 63 65 73 73 20 49 		.string	"Access Instruction Exception\n"
  56      6E 73 74 72 75 63 74 69 
  56      6F 6E 20 45 78 63 65 70 
  56      74 69 6F 6E 0A 00 
  57                             		.section P,"ax"
  58                             		.weak	_AccessInst_Handler
  60                             	_AccessInst_Handler:
  61                             	.LFB21:
  49:../kernel/sysdepend/cpu/core/rxv2/exc_hdr.c **** }
  50:../kernel/sysdepend/cpu/core/rxv2/exc_hdr.c **** 
  51:../kernel/sysdepend/cpu/core/rxv2/exc_hdr.c **** /* 
  52:../kernel/sysdepend/cpu/core/rxv2/exc_hdr.c ****  * Access Instruction Exception Handler
  53:../kernel/sysdepend/cpu/core/rxv2/exc_hdr.c ****  */
  54:../kernel/sysdepend/cpu/core/rxv2/exc_hdr.c **** WEAK_FUNC EXPORT void AccessInst_Handler(void)
  55:../kernel/sysdepend/cpu/core/rxv2/exc_hdr.c **** {
  62                             		.loc 1 55 1
  63                             		; Note: Interrupt Handler
  64 0024 6E 1F                   		pushm	r1-r15
  65                             	.LCFI4:
  66 0026 EF 0A                   		mov.L	r0, r10
  67                             	.LCFI5:
  68 0028 60 40                   		sub	#4, r0
  56:../kernel/sysdepend/cpu/core/rxv2/exc_hdr.c **** 	EXCEPTION_DBG_MSG("Access Instruction Exception\n");
  69                             		.loc 1 56 2
  70 002a F8 02 2C 00 00 00       		mov.L	#.LC2, [r0]
  71 0030 05 00 00 00             		bsr	_tm_printf
  72                             	.L6:
  57:../kernel/sysdepend/cpu/core/rxv2/exc_hdr.c **** 	while(1);
  73                             		.loc 1 57 7 discriminator 1
  74 0034 2E 00                   		bra	.L6
  75                             	.LFE21:
  77                             		.section C,"a",@progbits
  78 004a 00 00                   		.p2align 2
  79                             	.LC3:
  80 004c 55 6E 64 65 66 69 6E 65 		.string	"Undefined Instruction Exception\n"
  80      64 20 49 6E 73 74 72 75 
  80      63 74 69 6F 6E 20 45 78 
  80      63 65 70 74 69 6F 6E 0A 
  80      00 
  81                             		.section P,"ax"
  82                             		.weak	_UndefinedInst_Handler
  84                             	_UndefinedInst_Handler:
  85                             	.LFB22:
  58:../kernel/sysdepend/cpu/core/rxv2/exc_hdr.c **** }
  59:../kernel/sysdepend/cpu/core/rxv2/exc_hdr.c **** 
  60:../kernel/sysdepend/cpu/core/rxv2/exc_hdr.c **** /*
  61:../kernel/sysdepend/cpu/core/rxv2/exc_hdr.c ****  * Undefined Instruction Exception Handler
  62:../kernel/sysdepend/cpu/core/rxv2/exc_hdr.c ****  */
  63:../kernel/sysdepend/cpu/core/rxv2/exc_hdr.c **** WEAK_FUNC EXPORT void UndefinedInst_Handler(void)
  64:../kernel/sysdepend/cpu/core/rxv2/exc_hdr.c **** {
  86                             		.loc 1 64 1
  87                             		; Note: Interrupt Handler
  88 0036 6E 1F                   		pushm	r1-r15
  89                             	.LCFI6:
  90 0038 EF 0A                   		mov.L	r0, r10
  91                             	.LCFI7:
  92 003a 60 40                   		sub	#4, r0
  65:../kernel/sysdepend/cpu/core/rxv2/exc_hdr.c **** 	EXCEPTION_DBG_MSG("Undefined Instruction Exception\n");
  93                             		.loc 1 65 2
  94 003c F8 02 4C 00 00 00       		mov.L	#.LC3, [r0]
  95 0042 05 00 00 00             		bsr	_tm_printf
  96                             	.L8:
  66:../kernel/sysdepend/cpu/core/rxv2/exc_hdr.c **** 	while(1);
  97                             		.loc 1 66 7 discriminator 1
  98 0046 2E 00                   		bra	.L8
  99                             	.LFE22:
 101                             		.section C,"a",@progbits
 102 006d 00 00 00                		.p2align 2
 103                             	.LC4:
 104 0070 46 6C 6F 61 74 69 6E 67 		.string	"Floating Point Exception\n"
 104      20 50 6F 69 6E 74 20 45 
 104      78 63 65 70 74 69 6F 6E 
 104      0A 00 
 105                             		.section P,"ax"
 106                             		.weak	_FloatingPoint_Handler
 108                             	_FloatingPoint_Handler:
 109                             	.LFB23:
  67:../kernel/sysdepend/cpu/core/rxv2/exc_hdr.c **** }
  68:../kernel/sysdepend/cpu/core/rxv2/exc_hdr.c **** 
  69:../kernel/sysdepend/cpu/core/rxv2/exc_hdr.c **** /*
  70:../kernel/sysdepend/cpu/core/rxv2/exc_hdr.c ****  * Floating Point Exception Handler
  71:../kernel/sysdepend/cpu/core/rxv2/exc_hdr.c ****  */
  72:../kernel/sysdepend/cpu/core/rxv2/exc_hdr.c **** WEAK_FUNC EXPORT void FloatingPoint_Handler(void)
  73:../kernel/sysdepend/cpu/core/rxv2/exc_hdr.c **** {
 110                             		.loc 1 73 1
 111                             		; Note: Interrupt Handler
 112 0048 6E 1F                   		pushm	r1-r15
 113                             	.LCFI8:
 114 004a EF 0A                   		mov.L	r0, r10
 115                             	.LCFI9:
 116 004c 60 40                   		sub	#4, r0
  74:../kernel/sysdepend/cpu/core/rxv2/exc_hdr.c **** 	EXCEPTION_DBG_MSG("Floating Point Exception\n");
 117                             		.loc 1 74 2
 118 004e F8 02 70 00 00 00       		mov.L	#.LC4, [r0]
 119 0054 05 00 00 00             		bsr	_tm_printf
 120                             	.L10:
  75:../kernel/sysdepend/cpu/core/rxv2/exc_hdr.c **** 	while(1);
 121                             		.loc 1 75 7 discriminator 1
 122 0058 2E 00                   		bra	.L10
 123                             	.LFE23:
 125                             		.section C,"a",@progbits
 126 008a 00 00                   		.p2align 2
 127                             	.LC5:
 128 008c 55 6E 2D 64 65 66 69 6E 		.string	"Un-defined Interrupt %d\n"
 128      65 64 20 49 6E 74 65 72 
 128      72 75 70 74 20 25 64 0A 
 128      00 
 129 00a5 00 00 00                		.section P,"ax"
 130                             		.weak	_Default_Handler
 132                             	_Default_Handler:
 133                             	.LFB24:
  76:../kernel/sysdepend/cpu/core/rxv2/exc_hdr.c **** }
  77:../kernel/sysdepend/cpu/core/rxv2/exc_hdr.c **** 
  78:../kernel/sysdepend/cpu/core/rxv2/exc_hdr.c **** /*
  79:../kernel/sysdepend/cpu/core/rxv2/exc_hdr.c ****  * Default HLL Interrupt Handler
  80:../kernel/sysdepend/cpu/core/rxv2/exc_hdr.c ****  */
  81:../kernel/sysdepend/cpu/core/rxv2/exc_hdr.c **** WEAK_FUNC EXPORT void Default_Handler(UW intno)
  82:../kernel/sysdepend/cpu/core/rxv2/exc_hdr.c **** {
 134                             		.loc 1 82 1
 135 005a 7E AA                   		push.l	r10
 136                             	.LCFI10:
 137 005c 71 0A FC                		add	#-4, r0, r10
 138                             	.LCFI11:
 139 005f 71 A0 F8                		add	#-8, r10, r0
 140                             	.LCFI12:
 141 0062 E3 A1                   		mov.L	r1, [r10]
  83:../kernel/sysdepend/cpu/core/rxv2/exc_hdr.c **** 
  84:../kernel/sysdepend/cpu/core/rxv2/exc_hdr.c **** #if (USE_EXCEPTION_DBG_MSG && USE_TMONITOR)
  85:../kernel/sysdepend/cpu/core/rxv2/exc_hdr.c **** 	tm_printf((UB*)"Un-defined Interrupt %d\n",intno);
 142                             		.loc 1 85 2
 143 0064 EC A5                   		mov.L	[r10], r5
 144 0066 A0 0D                   		mov.L	r5, 4[r0]
 145 0068 F8 02 8C 00 00 00       		mov.L	#.LC5, [r0]
 146 006e 05 00 00 00             		bsr	_tm_printf
 147                             	.L12:
  86:../kernel/sysdepend/cpu/core/rxv2/exc_hdr.c **** #endif
  87:../kernel/sysdepend/cpu/core/rxv2/exc_hdr.c **** 
  88:../kernel/sysdepend/cpu/core/rxv2/exc_hdr.c **** 	while(1);
 148                             		.loc 1 88 7 discriminator 1
 149 0072 2E 00                   		bra	.L12
 150                             	.LFE24:
 424                             	.Letext0:
 425                             		.file 2 "D:\\tkernel_dev\\mtk3_bsp\\dev_bsp_b2_tbrx65n\\include/tk/typedef.h"
 426                             		.file 3 "D:\\tkernel_dev\\mtk3_bsp\\dev_bsp_b2_tbrx65n\\include/tk/syscall.h"
 427                             		.file 4 "D:\\tkernel_dev\\mtk3_bsp\\dev_bsp_b2_tbrx65n\\include/sys/queue.h"
 428                             		.file 5 "D:\\tkernel_dev\\mtk3_bsp\\dev_bsp_b2_tbrx65n\\kernel\\knlinc/kernel.h"
 429                             		.file 6 "d:\\tkernel_dev\\mtk3_bsp\\dev_bsp_b2_tbrx65n\\kernel\\tkernel\\timer.h"
 430                             		.file 7 "d:\\tkernel_dev\\mtk3_bsp\\dev_bsp_b2_tbrx65n\\kernel\\tkernel\\winfo.h"
 431                             		.file 8 "d:\\tkernel_dev\\mtk3_bsp\\dev_bsp_b2_tbrx65n\\kernel\\tkernel\\mutex.h"
 432                             		.file 9 "d:\\tkernel_dev\\mtk3_bsp\\dev_bsp_b2_tbrx65n\\kernel\\sysdepend\\cpu\\core\\rxv2\\sysdep
 433                             		.file 10 "d:\\tkernel_dev\\mtk3_bsp\\dev_bsp_b2_tbrx65n\\kernel\\sysdepend\\cpu\\core\\rxv2\\cpu_s
