   1                             		.file	"hllint_tbl.c"
   2                             		.section P,"ax"
   3                             	.Ltext0:
   4                             		.global	_knl_hll_inthdr_rom
   5                             		.section	.hvectors,"a"
   6                             		.balign 4
   9                             	_knl_hll_inthdr_rom:
  10 0000 00 00 00 00             		.long	_Default_Handler
  11 0004 00 00 00 00             		.long	_Default_Handler
  12 0008 00 00 00 00             		.long	_Default_Handler
  13 000c 00 00 00 00             		.long	_Default_Handler
  14 0010 00 00 00 00             		.long	_Default_Handler
  15 0014 00 00 00 00             		.long	_Default_Handler
  16 0018 00 00 00 00             		.long	_Default_Handler
  17 001c 00 00 00 00             		.long	_Default_Handler
  18 0020 00 00 00 00             		.long	_Default_Handler
  19 0024 00 00 00 00             		.long	_Default_Handler
  20 0028 00 00 00 00             		.long	_Default_Handler
  21 002c 00 00 00 00             		.long	_Default_Handler
  22 0030 00 00 00 00             		.long	_Default_Handler
  23 0034 00 00 00 00             		.long	_Default_Handler
  24 0038 00 00 00 00             		.long	_Default_Handler
  25 003c 00 00 00 00             		.long	_Default_Handler
  26 0040 00 00 00 00             		.long	_Default_Handler
  27 0044 00 00 00 00             		.long	_Default_Handler
  28 0048 00 00 00 00             		.long	_Default_Handler
  29 004c 00 00 00 00             		.long	_Default_Handler
  30 0050 00 00 00 00             		.long	_Default_Handler
  31 0054 00 00 00 00             		.long	_Default_Handler
  32 0058 00 00 00 00             		.long	_Default_Handler
  33 005c 00 00 00 00             		.long	_Default_Handler
  34 0060 00 00 00 00             		.long	_Default_Handler
  35 0064 00 00 00 00             		.long	_Default_Handler
  36 0068 00 00 00 00             		.long	_Default_Handler
  37 006c 00 00 00 00             		.long	_Default_Handler
  38 0070 00 00 00 00             		.long	_knl_timer_handler
  39 0074 00 00 00 00             		.long	_Default_Handler
  40 0078 00 00 00 00             		.long	_Default_Handler
  41 007c 00 00 00 00             		.long	_Default_Handler
  42 0080 00 00 00 00             		.long	_Default_Handler
  43 0084 00 00 00 00             		.long	_Default_Handler
  44 0088 00 00 00 00             		.long	_Default_Handler
  45 008c 00 00 00 00             		.long	_Default_Handler
  46 0090 00 00 00 00             		.long	_Default_Handler
  47 0094 00 00 00 00             		.long	_Default_Handler
  48 0098 00 00 00 00             		.long	_Default_Handler
  49 009c 00 00 00 00             		.long	_Default_Handler
  50 00a0 00 00 00 00             		.long	_Default_Handler
  51 00a4 00 00 00 00             		.long	_Default_Handler
  52 00a8 00 00 00 00             		.long	_Default_Handler
  53 00ac 00 00 00 00             		.long	_Default_Handler
  54 00b0 00 00 00 00             		.long	_Default_Handler
  55 00b4 00 00 00 00             		.long	_Default_Handler
  56 00b8 00 00 00 00             		.long	_Default_Handler
  57 00bc 00 00 00 00             		.long	_Default_Handler
  58 00c0 00 00 00 00             		.long	_Default_Handler
  59 00c4 00 00 00 00             		.long	_Default_Handler
  60 00c8 00 00 00 00             		.long	_Default_Handler
  61 00cc 00 00 00 00             		.long	_Default_Handler
  62 00d0 00 00 00 00             		.long	_Default_Handler
  63 00d4 00 00 00 00             		.long	_Default_Handler
  64 00d8 00 00 00 00             		.long	_Default_Handler
  65 00dc 00 00 00 00             		.long	_Default_Handler
  66 00e0 00 00 00 00             		.long	_Default_Handler
  67 00e4 00 00 00 00             		.long	_Default_Handler
  68 00e8 00 00 00 00             		.long	_Default_Handler
  69 00ec 00 00 00 00             		.long	_Default_Handler
  70 00f0 00 00 00 00             		.long	_Default_Handler
  71 00f4 00 00 00 00             		.long	_Default_Handler
  72 00f8 00 00 00 00             		.long	_Default_Handler
  73 00fc 00 00 00 00             		.long	_Default_Handler
  74 0100 00 00 00 00             		.long	_Default_Handler
  75 0104 00 00 00 00             		.long	_Default_Handler
  76 0108 00 00 00 00             		.long	_Default_Handler
  77 010c 00 00 00 00             		.long	_Default_Handler
  78 0110 00 00 00 00             		.long	_Default_Handler
  79 0114 00 00 00 00             		.long	_Default_Handler
  80 0118 00 00 00 00             		.long	_Default_Handler
  81 011c 00 00 00 00             		.long	_Default_Handler
  82 0120 00 00 00 00             		.long	_Default_Handler
  83 0124 00 00 00 00             		.long	_Default_Handler
  84 0128 00 00 00 00             		.long	_Default_Handler
  85 012c 00 00 00 00             		.long	_Default_Handler
  86 0130 00 00 00 00             		.long	_Default_Handler
  87 0134 00 00 00 00             		.long	_Default_Handler
  88 0138 00 00 00 00             		.long	_Default_Handler
  89 013c 00 00 00 00             		.long	_Default_Handler
  90 0140 00 00 00 00             		.long	_Default_Handler
  91 0144 00 00 00 00             		.long	_Default_Handler
  92 0148 00 00 00 00             		.long	_Default_Handler
  93 014c 00 00 00 00             		.long	_Default_Handler
  94 0150 00 00 00 00             		.long	_Default_Handler
  95 0154 00 00 00 00             		.long	_Default_Handler
  96 0158 00 00 00 00             		.long	_Default_Handler
  97 015c 00 00 00 00             		.long	_Default_Handler
  98 0160 00 00 00 00             		.long	_Default_Handler
  99 0164 00 00 00 00             		.long	_Default_Handler
 100 0168 00 00 00 00             		.long	_Default_Handler
 101 016c 00 00 00 00             		.long	_Default_Handler
 102 0170 00 00 00 00             		.long	_Default_Handler
 103 0174 00 00 00 00             		.long	_Default_Handler
 104 0178 00 00 00 00             		.long	_Default_Handler
 105 017c 00 00 00 00             		.long	_Default_Handler
 106 0180 00 00 00 00             		.long	_Default_Handler
 107 0184 00 00 00 00             		.long	_Default_Handler
 108 0188 00 00 00 00             		.long	_Default_Handler
 109 018c 00 00 00 00             		.long	_Default_Handler
 110 0190 00 00 00 00             		.long	_Default_Handler
 111 0194 00 00 00 00             		.long	_Default_Handler
 112 0198 00 00 00 00             		.long	_Default_Handler
 113 019c 00 00 00 00             		.long	_Default_Handler
 114 01a0 00 00 00 00             		.long	_Default_Handler
 115 01a4 00 00 00 00             		.long	_Default_Handler
 116 01a8 00 00 00 00             		.long	_Default_Handler
 117 01ac 00 00 00 00             		.long	_Default_Handler
 118 01b0 00 00 00 00             		.long	_Default_Handler
 119 01b4 00 00 00 00             		.long	_Default_Handler
 120 01b8 00 00 00 00             		.long	_Default_Handler
 121 01bc 00 00 00 00             		.long	_Default_Handler
 122 01c0 00 00 00 00             		.long	_Default_Handler
 123 01c4 00 00 00 00             		.long	_Default_Handler
 124 01c8 00 00 00 00             		.long	_Default_Handler
 125 01cc 00 00 00 00             		.long	_Default_Handler
 126 01d0 00 00 00 00             		.long	_Default_Handler
 127 01d4 00 00 00 00             		.long	_Default_Handler
 128 01d8 00 00 00 00             		.long	_Default_Handler
 129 01dc 00 00 00 00             		.long	_Default_Handler
 130 01e0 00 00 00 00             		.long	_Default_Handler
 131 01e4 00 00 00 00             		.long	_Default_Handler
 132 01e8 00 00 00 00             		.long	_Default_Handler
 133 01ec 00 00 00 00             		.long	_Default_Handler
 134 01f0 00 00 00 00             		.long	_Default_Handler
 135 01f4 00 00 00 00             		.long	_Default_Handler
 136 01f8 00 00 00 00             		.long	_Default_Handler
 137 01fc 00 00 00 00             		.long	_Default_Handler
 138 0200 00 00 00 00             		.long	_Default_Handler
 139 0204 00 00 00 00             		.long	_Default_Handler
 140 0208 00 00 00 00             		.long	_Default_Handler
 141 020c 00 00 00 00             		.long	_Default_Handler
 142 0210 00 00 00 00             		.long	_Default_Handler
 143 0214 00 00 00 00             		.long	_Default_Handler
 144 0218 00 00 00 00             		.long	_Default_Handler
 145 021c 00 00 00 00             		.long	_Default_Handler
 146 0220 00 00 00 00             		.long	_Default_Handler
 147 0224 00 00 00 00             		.long	_Default_Handler
 148 0228 00 00 00 00             		.long	_Default_Handler
 149 022c 00 00 00 00             		.long	_Default_Handler
 150 0230 00 00 00 00             		.long	_Default_Handler
 151 0234 00 00 00 00             		.long	_Default_Handler
 152 0238 00 00 00 00             		.long	_Default_Handler
 153 023c 00 00 00 00             		.long	_Default_Handler
 154 0240 00 00 00 00             		.long	_Default_Handler
 155 0244 00 00 00 00             		.long	_Default_Handler
 156 0248 00 00 00 00             		.long	_Default_Handler
 157 024c 00 00 00 00             		.long	_Default_Handler
 158 0250 00 00 00 00             		.long	_Default_Handler
 159 0254 00 00 00 00             		.long	_Default_Handler
 160 0258 00 00 00 00             		.long	_Default_Handler
 161 025c 00 00 00 00             		.long	_Default_Handler
 162 0260 00 00 00 00             		.long	_Default_Handler
 163 0264 00 00 00 00             		.long	_Default_Handler
 164 0268 00 00 00 00             		.long	_Default_Handler
 165 026c 00 00 00 00             		.long	_Default_Handler
 166 0270 00 00 00 00             		.long	_Default_Handler
 167 0274 00 00 00 00             		.long	_Default_Handler
 168 0278 00 00 00 00             		.long	_Default_Handler
 169 027c 00 00 00 00             		.long	_Default_Handler
 170 0280 00 00 00 00             		.long	_Default_Handler
 171 0284 00 00 00 00             		.long	_Default_Handler
 172 0288 00 00 00 00             		.long	_Default_Handler
 173 028c 00 00 00 00             		.long	_Default_Handler
 174 0290 00 00 00 00             		.long	_Default_Handler
 175 0294 00 00 00 00             		.long	_Default_Handler
 176 0298 00 00 00 00             		.long	_Default_Handler
 177 029c 00 00 00 00             		.long	_Default_Handler
 178 02a0 00 00 00 00             		.long	_Default_Handler
 179 02a4 00 00 00 00             		.long	_Default_Handler
 180 02a8 00 00 00 00             		.long	_Default_Handler
 181 02ac 00 00 00 00             		.long	_Default_Handler
 182 02b0 00 00 00 00             		.long	_Default_Handler
 183 02b4 00 00 00 00             		.long	_Default_Handler
 184 02b8 00 00 00 00             		.long	_Default_Handler
 185 02bc 00 00 00 00             		.long	_Default_Handler
 186 02c0 00 00 00 00             		.long	_Default_Handler
 187 02c4 00 00 00 00             		.long	_Default_Handler
 188 02c8 00 00 00 00             		.long	_Default_Handler
 189 02cc 00 00 00 00             		.long	_Default_Handler
 190 02d0 00 00 00 00             		.long	_Default_Handler
 191 02d4 00 00 00 00             		.long	_Default_Handler
 192 02d8 00 00 00 00             		.long	_Default_Handler
 193 02dc 00 00 00 00             		.long	_Default_Handler
 194 02e0 00 00 00 00             		.long	_Default_Handler
 195 02e4 00 00 00 00             		.long	_Default_Handler
 196 02e8 00 00 00 00             		.long	_Default_Handler
 197 02ec 00 00 00 00             		.long	_Default_Handler
 198 02f0 00 00 00 00             		.long	_Default_Handler
 199 02f4 00 00 00 00             		.long	_Default_Handler
 200 02f8 00 00 00 00             		.long	_Default_Handler
 201 02fc 00 00 00 00             		.long	_Default_Handler
 202 0300 00 00 00 00             		.long	_Default_Handler
 203 0304 00 00 00 00             		.long	_Default_Handler
 204 0308 00 00 00 00             		.long	_Default_Handler
 205 030c 00 00 00 00             		.long	_Default_Handler
 206 0310 00 00 00 00             		.long	_Default_Handler
 207 0314 00 00 00 00             		.long	_Default_Handler
 208 0318 00 00 00 00             		.long	_Default_Handler
 209 031c 00 00 00 00             		.long	_Default_Handler
 210 0320 00 00 00 00             		.long	_Default_Handler
 211 0324 00 00 00 00             		.long	_Default_Handler
 212 0328 00 00 00 00             		.long	_Default_Handler
 213 032c 00 00 00 00             		.long	_Default_Handler
 214 0330 00 00 00 00             		.long	_Default_Handler
 215 0334 00 00 00 00             		.long	_Default_Handler
 216 0338 00 00 00 00             		.long	_Default_Handler
 217 033c 00 00 00 00             		.long	_Default_Handler
 218 0340 00 00 00 00             		.long	_Default_Handler
 219 0344 00 00 00 00             		.long	_Default_Handler
 220 0348 00 00 00 00             		.long	_Default_Handler
 221 034c 00 00 00 00             		.long	_Default_Handler
 222 0350 00 00 00 00             		.long	_Default_Handler
 223 0354 00 00 00 00             		.long	_Default_Handler
 224 0358 00 00 00 00             		.long	_Default_Handler
 225 035c 00 00 00 00             		.long	_Default_Handler
 226 0360 00 00 00 00             		.long	_Default_Handler
 227 0364 00 00 00 00             		.long	_Default_Handler
 228 0368 00 00 00 00             		.long	_Default_Handler
 229 036c 00 00 00 00             		.long	_Default_Handler
 230 0370 00 00 00 00             		.long	_Default_Handler
 231 0374 00 00 00 00             		.long	_Default_Handler
 232 0378 00 00 00 00             		.long	_Default_Handler
 233 037c 00 00 00 00             		.long	_Default_Handler
 234 0380 00 00 00 00             		.long	_Default_Handler
 235 0384 00 00 00 00             		.long	_Default_Handler
 236 0388 00 00 00 00             		.long	_Default_Handler
 237 038c 00 00 00 00             		.long	_Default_Handler
 238 0390 00 00 00 00             		.long	_Default_Handler
 239 0394 00 00 00 00             		.long	_Default_Handler
 240 0398 00 00 00 00             		.long	_Default_Handler
 241 039c 00 00 00 00             		.long	_Default_Handler
 242 03a0 00 00 00 00             		.long	_Default_Handler
 243 03a4 00 00 00 00             		.long	_Default_Handler
 244 03a8 00 00 00 00             		.long	_Default_Handler
 245 03ac 00 00 00 00             		.long	_Default_Handler
 246 03b0 00 00 00 00             		.long	_Default_Handler
 247 03b4 00 00 00 00             		.long	_Default_Handler
 248 03b8 00 00 00 00             		.long	_Default_Handler
 249 03bc 00 00 00 00             		.long	_Default_Handler
 250 03c0 00 00 00 00             		.long	_Default_Handler
 251 03c4 00 00 00 00             		.long	_Default_Handler
 252 03c8 00 00 00 00             		.long	_Default_Handler
 253 03cc 00 00 00 00             		.long	_Default_Handler
 254 03d0 00 00 00 00             		.long	_Default_Handler
 255 03d4 00 00 00 00             		.long	_Default_Handler
 256 03d8 00 00 00 00             		.long	_Default_Handler
 257 03dc 00 00 00 00             		.long	_Default_Handler
 258 03e0 00 00 00 00             		.long	_Default_Handler
 259 03e4 00 00 00 00             		.long	_Default_Handler
 260 03e8 00 00 00 00             		.long	_Default_Handler
 261 03ec 00 00 00 00             		.long	_Default_Handler
 262 03f0 00 00 00 00             		.long	_Default_Handler
 263 03f4 00 00 00 00             		.long	_Default_Handler
 264 03f8 00 00 00 00             		.long	_Default_Handler
 265 03fc 00 00 00 00             		.long	_Default_Handler
 266                             		.section P,"ax"
 267                             	.Letext0:
 268                             		.file 1 "D:\\tkernel_dev\\mtk3_bsp\\dev_bsp_b2_tbrx65n\\include/tk/typedef.h"
 269                             		.file 2 "D:\\tkernel_dev\\mtk3_bsp\\dev_bsp_b2_tbrx65n\\include/tk/syscall.h"
 270                             		.file 3 "D:\\tkernel_dev\\mtk3_bsp\\dev_bsp_b2_tbrx65n\\include/sys/queue.h"
 271                             		.file 4 "D:\\tkernel_dev\\mtk3_bsp\\dev_bsp_b2_tbrx65n\\kernel\\knlinc/kernel.h"
 272                             		.file 5 "d:\\tkernel_dev\\mtk3_bsp\\dev_bsp_b2_tbrx65n\\kernel\\tkernel\\timer.h"
 273                             		.file 6 "d:\\tkernel_dev\\mtk3_bsp\\dev_bsp_b2_tbrx65n\\kernel\\tkernel\\winfo.h"
 274                             		.file 7 "d:\\tkernel_dev\\mtk3_bsp\\dev_bsp_b2_tbrx65n\\kernel\\tkernel\\mutex.h"
 275                             		.file 8 "d:\\tkernel_dev\\mtk3_bsp\\dev_bsp_b2_tbrx65n\\kernel\\sysdepend\\cpu\\core\\rxv2\\sysdep
 276                             		.file 9 "d:\\tkernel_dev\\mtk3_bsp\\dev_bsp_b2_tbrx65n\\kernel\\sysdepend\\cpu\\core\\rxv2\\cpu_st
 277                             		.file 10 "../kernel/sysdepend/cpu/rx65n/../../rtb_rx65n/../cpu/rx65n/sysdepend.h"
 278                             		.file 11 "../kernel/sysdepend/cpu/rx65n/hllint_tbl.c"
