   1                             	# 1 "../kernel/sysdepend/cpu/rx65n/hllint_ent.S"
   1                             	﻿/*
   0                             	
   0                             	
   0                             	
   2                             	 *----------------------------------------------------------------------
   3                             	 *    micro T-Kernel 3.00.06.B0
   4                             	 *
   5                             	 *    Copyright (C) 2022 by Ken Sakamura.
   6                             	 *    This software is distributed under the T-License 2.2.
   7                             	 *----------------------------------------------------------------------
   8                             	 *
   9                             	 *    Released by TRON Forum(http://www.tron.org) at 2022/04.
  10                             	 *
  11                             	 *----------------------------------------------------------------------
  12                             	 */
  13                             	
  14                             	#include <sys/machine.h>
   1                             	/*
   2                             	 *----------------------------------------------------------------------
   3                             	 *    micro T-Kernel 3.0 BSP
   4                             	 *
   5                             	 *    Copyright (C) 2021-2022 by Ken Sakamura.
   6                             	 *    This software is distributed under the T-License 2.2.
   7                             	 *----------------------------------------------------------------------
   8                             	 *
   9                             	 *    Released by TRON Forum(http://www.tron.org) at 2022/04.
  10                             	 *
  11                             	 *----------------------------------------------------------------------
  12                             	 */
  13                             	
  14                             	/*
  15                             	 *	machine.h
  16                             	 *	Machine type definition 
  17                             	 */
  18                             	
  19                             	#ifndef __SYS_MACHINE_H__
  20                             	#define __SYS_MACHINE_H__
  21                             	
  22                             	/* ===== System dependencies definitions ================================ */
  23                             	#include <config.h>
   1                             	/*
   2                             	 *----------------------------------------------------------------------
   3                             	 *    micro T-Kernel 3.00.05
   4                             	 *
   5                             	 *    Copyright (C) 2006-2021 by Ken Sakamura.
   6                             	 *    This software is distributed under the T-License 2.2.
   7                             	 *----------------------------------------------------------------------
   8                             	 *
   9                             	 *    Released by TRON Forum(http://www.tron.org) at 2021/11.
  10                             	 *
  11                             	 *----------------------------------------------------------------------
  12                             	 */
  13                             	
  14                             	/*
  15                             	 *	config.h
  16                             	 *	User Configuration Definition
  17                             	 */
  18                             	
  19                             	#ifndef __TK_CONFIG__
  20                             	#define __TK_CONFIG__
  21                             	
  22                             	/*---------------------------------------------------------------------- */
  23                             	/*  Target Name
  24                             		Define the system target name. Alternatively, define the target name 
  25                             		in the development environment.
  26                             	 */
  27                             	//#define _IOTE_M367_
  28                             	//#define _IOTE_RX231_
  29                             	//#define _IOTE_STM32L4_
  30                             	//#define _IOTE_RZA2M_
  31                             	
  32                             	/*---------------------------------------------------------------------- */
  33                             	/* SYSCONF : micro T-Kernel system configuration
  34                             	 */
  35                             	
  36                             	#define	CNF_SYSTEMAREA_TOP	0	/* 0: Use system default address */
  37                             	#define CNF_SYSTEMAREA_END	0	/* 0: Use system default address */
  38                             	
  39                             	#define	CNF_MAX_TSKPRI		32	/* Task Max priority */
  40                             	
  41                             	#define CNF_TIMER_PERIOD	10	/* System timer period */
  42                             	
  43                             	/* Maximum number of kernel objects */
  44                             	#define CNF_MAX_TSKID		32	/* Task */
  45                             	#define CNF_MAX_SEMID		16	/* Semaphore */
  46                             	#define CNF_MAX_FLGID		16	/* Event flag */
  47                             	#define CNF_MAX_MBXID		8	/* Mailbox*/
  48                             	#define CNF_MAX_MTXID		4	/* Mutex */
  49                             	#define CNF_MAX_MBFID		8	/* Message buffer */
  50                             	#define CNF_MAX_MPLID		4	/* Memory pool */
  51                             	#define CNF_MAX_MPFID		8	/* Fixed size memory pool */
  52                             	#define CNF_MAX_CYCID		4	/* Cyclic handler */
  53                             	#define CNF_MAX_ALMID		8	/* Alarm handler */
  54                             	
  55                             	/* Device configuration */
  56                             	#define CNF_MAX_REGDEV		(8)	/* Max registered device */
  57                             	#define CNF_MAX_OPNDEV		(16)	/* Max open device */
  58                             	#define CNF_MAX_REQDEV		(16)	/* Max request device */
  59                             	#define CNF_DEVT_MBFSZ0		(-1)	/* message buffer size for event notification */
  60                             	#define CNF_DEVT_MBFSZ1		(-1)	/* message max size for event notification */
  61                             	
  62                             	/* Version Number */
  63                             	#define CNF_VER_MAKER		0
  64                             	#define CNF_VER_PRID		0
  65                             	#define CNF_VER_PRVER		3
  66                             	#define CNF_VER_PRNO1		0
  67                             	#define CNF_VER_PRNO2		0
  68                             	#define CNF_VER_PRNO3		0
  69                             	#define CNF_VER_PRNO4		0
  70                             	
  71                             	
  72                             	/*---------------------------------------------------------------------- */
  73                             	/* Backwards compatible api support 
  74                             	 *      micro T-Kernel2.0 API support (Rendezvous)
  75                             	 */
  76                             	#define USE_LEGACY_API		(0)	/* 1: Valid  0: Invalid */
  77                             	#define CNF_MAX_PORID		(0)	/* Maximum number of Rendezvous */
  78                             	
  79                             	
  80                             	/*---------------------------------------------------------------------- */
  81                             	/* Stack size definition
  82                             	 */
  83                             	#define CNF_EXC_STACK_SIZE	(2048)	/* Exception stack size */
  84                             	#define	CNF_TMP_STACK_SIZE	(256)	/* Temporary stack size */
  85                             	
  86                             	
  87                             	/*---------------------------------------------------------------------- */
  88                             	/* System function selection
  89                             		1: Use function.  0: No use function.
  90                             	 */
  91                             	#define USE_NOINIT		(0)	/* Use zero-clear bss section */
  92                             	#define USE_IMALLOC		(1)	/* Use dynamic memory allocation */
  93                             	#define USE_SHUTDOWN		(1)	/* Use System shutdown */
  94                             	#define USE_STATIC_IVT		(0)	/* Use static interrupt vector table */
  95                             	
  96                             	
  97                             	/*---------------------------------------------------------------------- */
  98                             	/* Check API parameter
  99                             	 *   1: Check parameter  0: Do not check parameter
 100                             	 */
 101                             	#define CHK_NOSPT		(1)	/* Check unsupported function (E_NOSPT) */
 102                             	#define CHK_RSATR		(1)	/* Check reservation attribute error (E_RSATR) */
 103                             	#define CHK_PAR			(1)	/* Check parameter (E_PAR) */
 104                             	#define CHK_ID			(1)	/* Check object ID range (E_ID) */
 105                             	#define CHK_OACV		(1)	/* Check Object Access Violation (E_OACV) */
 106                             	#define CHK_CTX			(1)	/* Check whether task-independent part is running (E_CTX) */
 107                             	#define CHK_CTX1		(1)	/* Check dispatch disable part */
 108                             	#define CHK_CTX2		(1)	/* Check task independent part */
 109                             	#define CHK_SELF		(1)	/* Check if its own task is specified (E_OBJ) */
 110                             	
 111                             	#define	CHK_TKERNEL_CONST	(1)	/* Check const-type parameter */
 112                             	
 113                             	/*---------------------------------------------------------------------- */
 114                             	/* User initialization program (UserInit)
 115                             	 *
 116                             	 */
 117                             	#define	USE_USERINIT		(0)	/*  1: Use UserInit  0: Do not use UserInit */
 118                             	#define RI_USERINIT		(0)	/* UserInit start address */
 119                             	
 120                             	
 121                             	/*---------------------------------------------------------------------- */
 122                             	/* Debugger support function
 123                             	 *   1: Valid  0: Invalid
 124                             	 */
 125                             	#define USE_DBGSPT		(0)	/* Use mT-Kernel/DS */
 126                             	#define USE_OBJECT_NAME		(0)	/* Use DS object name */
 127                             	
 128                             	#define OBJECT_NAME_LENGTH	(8)	/* DS Object name length */
 129                             	
 130                             	/*---------------------------------------------------------------------- */
 131                             	/* Use T-Monitor Compatible API Library  & Message to terminal.
 132                             	　*  1: Valid  0: Invalid
 133                             	 */
 134                             	#define	USE_TMONITOR		(1)	/* T-Monitor API */
 135                             	#define USE_SYSTEM_MESSAGE	(1)	/* System Message */
 136                             	#define USE_EXCEPTION_DBG_MSG	(1)	/* Excepttion debug message */
 137                             	#define USE_TASK_DBG_MSG	(0)	/* Tsak debug message */
 138                             	
 139                             	/*---------------------------------------------------------------------- */
 140                             	/* Use Co-Processor.
 141                             	　*  1: Valid  0: Invalid
 142                             	 */
 143                             	#define	USE_FPU			(0)	/* Use FPU */
 144                             	#define	USE_DSP			(0)	/* Use DSP */
 145                             	
 146                             	/*---------------------------------------------------------------------- */
 147                             	/* Use Physical timer.
 148                             	　*  1: Valid  0: Invalid
 149                             	 */
 150                             	#define USE_PTMR		(1)	/* Use Physical timer */
 151                             	
 152                             	/*---------------------------------------------------------------------- */
 153                             	/* Use Sample device driver.
 154                             	　*  1: Valid  0: Invalid
 155                             	 */
 156                             	#define USE_SDEV_DRV		(1)	/* Use Sample device driver */
 157                             	
 158                             	/*---------------------------------------------------------------------- */
 159                             	/*
 160                             	 *	Use function Definition
 161                             	 */
 162                             	#include "config_func.h"
   1                             	/*
 163                             	
  24                             	
  25                             	#ifdef _IOTE_M367_
  26                             	#include "sysdepend/iote_m367/machine.h"
  27                             	#define Csym(sym) sym
  28                             	#endif
  29                             	
  30                             	#ifdef _IOTE_STM32L4_
  31                             	#include "sysdepend/iote_stm32l4/machine.h"
  32                             	#define Csym(sym) sym
  33                             	#endif
  34                             	
  35                             	#ifdef _IOTE_RX231_
  36                             	#include "sysdepend/iote_rx231/machine.h"
  37                             	#define Csym(sym) _##sym
  38                             	#endif
  39                             	
  40                             	#ifdef _IOTE_RZA2M_
  41                             	#include "sysdepend/iote_rza2m/machine.h"
  42                             	#define Csym(sym) sym
  43                             	#endif
  44                             	
  45                             	/* ----- μT-Kernel BSP ------------------------------------------------- */
  46                             	#ifdef _NUCLEO_L476_
  47                             	#include "sysdepend/nucleo_l476/machine.h"
  48                             	#define Csym(sym) sym
  49                             	#endif
  50                             	
  51                             	#ifdef _NUCLEO_H723_
  52                             	#include "sysdepend/nucleo_h723/machine.h"
  53                             	#define Csym(sym) sym
  54                             	#endif
  55                             	
  56                             	#ifdef _RTB_RX65N_
  57                             	#include "sysdepend/rtb_rx65n/machine.h"
   1                             	/*
   2                             	 *----------------------------------------------------------------------
   3                             	 *    micro T-Kernel 3.0 BSP
   4                             	 *
   5                             	 *    Copyright (C) 2022 by Ken Sakamura.
   6                             	 *    This software is distributed under the T-License 2.2.
   7                             	 *----------------------------------------------------------------------
   8                             	 *
   9                             	 *    Released by TRON Forum(http://www.tron.org) at 2022/04.
  10                             	 *
  11                             	 *----------------------------------------------------------------------
  12                             	 */
  13                             	
  14                             	/*
  15                             	 *	machine.h
  16                             	 *
  17                             	 *	Machine type definition (Renesas Target Board for RX65N depended)
  18                             	 */
  19                             	
  20                             	#ifndef __SYS_SYSDEPEND_MACHINE_H__
  21                             	#define __SYS_SYSDEPEND_MACHINE_H__
  22                             	
  23                             	/*
  24                             	 * [TYPE]_[CPU]		TARGET SYSTEM
  25                             	 * CPU_xxxx		CPU type
  26                             	 * CPU_CORE_xxx		CPU core type
  27                             	 */
  28                             	
  29                             	/* ----- Renesas Target Board for RX65N (CPU: RX65N) definition ----- */
  30                             	
  31                             	#define RTB_RX65N		1		/* Target system : Target Board */
  32                             	#define CPU_RX65N		1		/* Target CPU : Renesas RX65N */
  33                             	#define CPU_CORE_RXV2		1		/* Target CPU-Core : RX200 series*/
  34                             	
  35                             	#define TARGET_DIR		rtb_rx65n	/* Sysdepend-Directory name */
  36                             	
  37                             	/*
  38                             	 **** CPU-depeneded profile (RX65N)
  39                             	 */
  40                             	#include "../cpu/rx65n/machine.h"
   1                             	/*
   2                             	 *----------------------------------------------------------------------
   3                             	 *    micro T-Kernel 3.00.06.B0
   4                             	 *
   5                             	 *    Copyright (C) 2022 by Ken Sakamura.
   6                             	 *    This software is distributed under the T-License 2.2.
   7                             	 *----------------------------------------------------------------------
   8                             	 *
   9                             	 *    Released by TRON Forum(http://www.tron.org) at 2022/04.
  10                             	 *
  11                             	 *----------------------------------------------------------------------
  12                             	 */
  13                             	
  14                             	/*
  15                             	 *	machine_depend.h
  16                             	 *
  17                             	 *	Machine type definition (RX65N depended)
  18                             	 */
  19                             	
  20                             	#ifndef __SYS_SYSDEPEND_MACHINE_CPU_H__
  21                             	#define __SYS_SYSDEPEND_MACHINE_CPU_H__
  22                             	
  23                             	/*
  24                             	 **** CPU core-depeneded profile (RXv2)
  25                             	 */
  26                             	
  27                             	#include "../core/rxv2/machine.h"
   1                             	/*
  28                             	
  41                             	
  58                             	#define Csym(sym) _##sym
  15                             	#ifdef CPU_RX65N
  16                             	
  17                             	/*
  18                             	 *	hllint_ent.S (RX65N)
  19                             	 *	HLL(High level programming language) Interrupt entry
  20                             	 */
  21                             	
  22                             	#define	_in_asm_source_
  23                             	
  24                             	#include <sys/sysdef.h>
   1                             	/*
   2                             	 *----------------------------------------------------------------------
   3                             	 *    micro T-Kernel 3.00.00
   4                             	 *
   5                             	 *    Copyright (C) 2006-2019 by Ken Sakamura.
   6                             	 *    This software is distributed under the T-License 2.1.
   7                             	 *----------------------------------------------------------------------
   8                             	 *
   9                             	 *    Released by TRON Forum(http://www.tron.org) at 2019/12/11.
  10                             	 *
  11                             	 *----------------------------------------------------------------------
  12                             	 */
  13                             	
  14                             	/*
  15                             	 *	sysdef.h
  16                             	 *
  17                             	 *	System dependencies definition.
  18                             	 *	Included also from assembler program.
  19                             	 */
  20                             	
  21                             	#ifndef __SYS_SYSDEF_H__
  22                             	#define __SYS_SYSDEF_H__
  23                             	
  24                             	/* System dependencies */
  25                             	#define SYSDEF_PATH_(a)		#a
  26                             	#define SYSDEF_PATH(a)		SYSDEF_PATH_(a)
  27                             	#define SYSDEF_SYSDEP()		SYSDEF_PATH(sysdepend/TARGET_DIR/sysdef.h)
  28                             	#include SYSDEF_SYSDEP()
   1                             	/*
   2                             	 *----------------------------------------------------------------------
   3                             	 *    micro T-Kernel 3.0 BSP
   4                             	 *
   5                             	 *    Copyright (C) 2022 by Ken Sakamura.
   6                             	 *    This software is distributed under the T-License 2.2.
   7                             	 *----------------------------------------------------------------------
   8                             	 *
   9                             	 *    Released by TRON Forum(http://www.tron.org) at 2022/04.
  10                             	 *
  11                             	 *----------------------------------------------------------------------
  12                             	 */
  13                             	
  14                             	/*
  15                             	 *	sysdef.h
  16                             	 *
  17                             	 *	System dependencies definition (Renesas Target Board for RX65N depended)
  18                             	 *	Included also from assembler program.
  19                             	 */
  20                             	
  21                             	#ifndef __SYS_SYSDEF_DEPEND_H__
  22                             	#define __SYS_SYSDEF_DEPEND_H__
  23                             	
  24                             	
  25                             	/* CPU-dependent definition */
  26                             	#include "../cpu/rx65n/sysdef.h"
   1                             	﻿/*
   2                             	 *----------------------------------------------------------------------
   3                             	 *    micro T-Kernel 3.00.06.B0
   4                             	 *
   5                             	 *    Copyright (C) 2022 by Ken Sakamura.
   6                             	 *    This software is distributed under the T-License 2.2.
   7                             	 *----------------------------------------------------------------------
   8                             	 *
   9                             	 *    Released by TRON Forum(http://www.tron.org) at 2022/04.
  10                             	 *
  11                             	 *----------------------------------------------------------------------
  12                             	 */
  13                             	
  14                             	/*
  15                             	 *	sysdef.h
  16                             	 *
  17                             	 *	System dependencies definition (RX65N CPU depended)
  18                             	 *	Included also from assembler program.
  19                             	 */
  20                             	
  21                             	#ifndef __TK_SYSDEF_DEPEND_CPU_H__
  22                             	#define __TK_SYSDEF_DEPEND_CPU_H__
  23                             	
  24                             	
  25                             	/* CPU Core-dependent definition */
  26                             	#include "../core/rxv2/sysdef.h"
   1                             	/*
  27                             	
  27                             	
  29                             	
  25                             	
  26                             		.extern Csym(knl_hll_inthdr)
  27                             	
  28                             	.macro HLL_INT_ENTRY	intno
  29                             	
  30                             		.global Csym(hll_inthdr_entry_\intno)
  31                             	Csym(hll_inthdr_entry_\intno):
  32                             		pushm	r1-r2
  33                             		mov.l	#\intno, r1
  34                             		mov.l	#Csym(knl_hll_inthdr), r2
  35                             		jmp	r2
  36                             	
  37                             	.endm
  38                             	
  39                             		.section .text
  40 0000 6E 12 66 01 FB 22 00 00 	HLL_INT_ENTRY 0
  40      00 00 7F 02 
  41 000c 6E 12 66 11 FB 22 00 00 	HLL_INT_ENTRY 1
  41      00 00 7F 02 
  42 0018 6E 12 66 21 FB 22 00 00 	HLL_INT_ENTRY 2
  42      00 00 7F 02 
  43 0024 6E 12 66 31 FB 22 00 00 	HLL_INT_ENTRY 3
  43      00 00 7F 02 
  44 0030 6E 12 66 41 FB 22 00 00 	HLL_INT_ENTRY 4
  44      00 00 7F 02 
  45 003c 6E 12 66 51 FB 22 00 00 	HLL_INT_ENTRY 5
  45      00 00 7F 02 
  46 0048 6E 12 66 61 FB 22 00 00 	HLL_INT_ENTRY 6
  46      00 00 7F 02 
  47 0054 6E 12 66 71 FB 22 00 00 	HLL_INT_ENTRY 7
  47      00 00 7F 02 
  48 0060 6E 12 66 81 FB 22 00 00 	HLL_INT_ENTRY 8
  48      00 00 7F 02 
  49 006c 6E 12 66 91 FB 22 00 00 	HLL_INT_ENTRY 9
  49      00 00 7F 02 
  50 0078 6E 12 66 A1 FB 22 00 00 	HLL_INT_ENTRY 10
  50      00 00 7F 02 
  51 0084 6E 12 66 B1 FB 22 00 00 	HLL_INT_ENTRY 11
  51      00 00 7F 02 
  52 0090 6E 12 66 C1 FB 22 00 00 	HLL_INT_ENTRY 12
  52      00 00 7F 02 
  53 009c 6E 12 66 D1 FB 22 00 00 	HLL_INT_ENTRY 13
  53      00 00 7F 02 
  54 00a8 6E 12 66 E1 FB 22 00 00 	HLL_INT_ENTRY 14
  54      00 00 7F 02 
  55 00b4 6E 12 66 F1 FB 22 00 00 	HLL_INT_ENTRY 15
  55      00 00 7F 02 
  56 00c0 6E 12 75 41 10 FB 22 00 	HLL_INT_ENTRY 16
  56      00 00 00 7F 02 
  57 00cd 6E 12 75 41 11 FB 22 00 	HLL_INT_ENTRY 17
  57      00 00 00 7F 02 
  58 00da 6E 12 75 41 12 FB 22 00 	HLL_INT_ENTRY 18
  58      00 00 00 7F 02 
  59 00e7 6E 12 75 41 13 FB 22 00 	HLL_INT_ENTRY 19
  59      00 00 00 7F 02 
  60 00f4 6E 12 75 41 14 FB 22 00 	HLL_INT_ENTRY 20
  60      00 00 00 7F 02 
  61 0101 6E 12 75 41 15 FB 22 00 	HLL_INT_ENTRY 21
  61      00 00 00 7F 02 
  62 010e 6E 12 75 41 16 FB 22 00 	HLL_INT_ENTRY 22
  62      00 00 00 7F 02 
  63 011b 6E 12 75 41 17 FB 22 00 	HLL_INT_ENTRY 23
  63      00 00 00 7F 02 
  64 0128 6E 12 75 41 18 FB 22 00 	HLL_INT_ENTRY 24
  64      00 00 00 7F 02 
  65 0135 6E 12 75 41 19 FB 22 00 	HLL_INT_ENTRY 25
  65      00 00 00 7F 02 
  66 0142 6E 12 75 41 1A FB 22 00 	HLL_INT_ENTRY 26
  66      00 00 00 7F 02 
  67 014f 6E 12 75 41 1B FB 22 00 	HLL_INT_ENTRY 27
  67      00 00 00 7F 02 
  68 015c 6E 12 75 41 1C FB 22 00 	HLL_INT_ENTRY 28
  68      00 00 00 7F 02 
  69 0169 6E 12 75 41 1D FB 22 00 	HLL_INT_ENTRY 29
  69      00 00 00 7F 02 
  70 0176 6E 12 75 41 1E FB 22 00 	HLL_INT_ENTRY 30
  70      00 00 00 7F 02 
  71 0183 6E 12 75 41 1F FB 22 00 	HLL_INT_ENTRY 31
  71      00 00 00 7F 02 
  72 0190 6E 12 75 41 20 FB 22 00 	HLL_INT_ENTRY 32
  72      00 00 00 7F 02 
  73 019d 6E 12 75 41 21 FB 22 00 	HLL_INT_ENTRY 33
  73      00 00 00 7F 02 
  74 01aa 6E 12 75 41 22 FB 22 00 	HLL_INT_ENTRY 34
  74      00 00 00 7F 02 
  75 01b7 6E 12 75 41 23 FB 22 00 	HLL_INT_ENTRY 35
  75      00 00 00 7F 02 
  76 01c4 6E 12 75 41 24 FB 22 00 	HLL_INT_ENTRY 36
  76      00 00 00 7F 02 
  77 01d1 6E 12 75 41 25 FB 22 00 	HLL_INT_ENTRY 37
  77      00 00 00 7F 02 
  78 01de 6E 12 75 41 26 FB 22 00 	HLL_INT_ENTRY 38
  78      00 00 00 7F 02 
  79 01eb 6E 12 75 41 27 FB 22 00 	HLL_INT_ENTRY 39
  79      00 00 00 7F 02 
  80 01f8 6E 12 75 41 28 FB 22 00 	HLL_INT_ENTRY 40
  80      00 00 00 7F 02 
  81 0205 6E 12 75 41 29 FB 22 00 	HLL_INT_ENTRY 41
  81      00 00 00 7F 02 
  82 0212 6E 12 75 41 2A FB 22 00 	HLL_INT_ENTRY 42
  82      00 00 00 7F 02 
  83 021f 6E 12 75 41 2B FB 22 00 	HLL_INT_ENTRY 43
  83      00 00 00 7F 02 
  84 022c 6E 12 75 41 2C FB 22 00 	HLL_INT_ENTRY 44
  84      00 00 00 7F 02 
  85 0239 6E 12 75 41 2D FB 22 00 	HLL_INT_ENTRY 45
  85      00 00 00 7F 02 
  86 0246 6E 12 75 41 2E FB 22 00 	HLL_INT_ENTRY 46
  86      00 00 00 7F 02 
  87 0253 6E 12 75 41 2F FB 22 00 	HLL_INT_ENTRY 47
  87      00 00 00 7F 02 
  88 0260 6E 12 75 41 30 FB 22 00 	HLL_INT_ENTRY 48
  88      00 00 00 7F 02 
  89 026d 6E 12 75 41 31 FB 22 00 	HLL_INT_ENTRY 49
  89      00 00 00 7F 02 
  90 027a 6E 12 75 41 32 FB 22 00 	HLL_INT_ENTRY 50
  90      00 00 00 7F 02 
  91 0287 6E 12 75 41 33 FB 22 00 	HLL_INT_ENTRY 51
  91      00 00 00 7F 02 
  92 0294 6E 12 75 41 34 FB 22 00 	HLL_INT_ENTRY 52
  92      00 00 00 7F 02 
  93 02a1 6E 12 75 41 35 FB 22 00 	HLL_INT_ENTRY 53
  93      00 00 00 7F 02 
  94 02ae 6E 12 75 41 36 FB 22 00 	HLL_INT_ENTRY 54
  94      00 00 00 7F 02 
  95 02bb 6E 12 75 41 37 FB 22 00 	HLL_INT_ENTRY 55
  95      00 00 00 7F 02 
  96 02c8 6E 12 75 41 38 FB 22 00 	HLL_INT_ENTRY 56
  96      00 00 00 7F 02 
  97 02d5 6E 12 75 41 39 FB 22 00 	HLL_INT_ENTRY 57
  97      00 00 00 7F 02 
  98 02e2 6E 12 75 41 3A FB 22 00 	HLL_INT_ENTRY 58
  98      00 00 00 7F 02 
  99 02ef 6E 12 75 41 3B FB 22 00 	HLL_INT_ENTRY 59
  99      00 00 00 7F 02 
 100 02fc 6E 12 75 41 3C FB 22 00 	HLL_INT_ENTRY 60
 100      00 00 00 7F 02 
 101 0309 6E 12 75 41 3D FB 22 00 	HLL_INT_ENTRY 61
 101      00 00 00 7F 02 
 102 0316 6E 12 75 41 3E FB 22 00 	HLL_INT_ENTRY 62
 102      00 00 00 7F 02 
 103 0323 6E 12 75 41 3F FB 22 00 	HLL_INT_ENTRY 63
 103      00 00 00 7F 02 
 104 0330 6E 12 75 41 40 FB 22 00 	HLL_INT_ENTRY 64
 104      00 00 00 7F 02 
 105 033d 6E 12 75 41 41 FB 22 00 	HLL_INT_ENTRY 65
 105      00 00 00 7F 02 
 106 034a 6E 12 75 41 42 FB 22 00 	HLL_INT_ENTRY 66
 106      00 00 00 7F 02 
 107 0357 6E 12 75 41 43 FB 22 00 	HLL_INT_ENTRY 67
 107      00 00 00 7F 02 
 108 0364 6E 12 75 41 44 FB 22 00 	HLL_INT_ENTRY 68
 108      00 00 00 7F 02 
 109 0371 6E 12 75 41 45 FB 22 00 	HLL_INT_ENTRY 69
 109      00 00 00 7F 02 
 110 037e 6E 12 75 41 46 FB 22 00 	HLL_INT_ENTRY 70
 110      00 00 00 7F 02 
 111 038b 6E 12 75 41 47 FB 22 00 	HLL_INT_ENTRY 71
 111      00 00 00 7F 02 
 112 0398 6E 12 75 41 48 FB 22 00 	HLL_INT_ENTRY 72
 112      00 00 00 7F 02 
 113 03a5 6E 12 75 41 49 FB 22 00 	HLL_INT_ENTRY 73
 113      00 00 00 7F 02 
 114 03b2 6E 12 75 41 4A FB 22 00 	HLL_INT_ENTRY 74
 114      00 00 00 7F 02 
 115 03bf 6E 12 75 41 4B FB 22 00 	HLL_INT_ENTRY 75
 115      00 00 00 7F 02 
 116 03cc 6E 12 75 41 4C FB 22 00 	HLL_INT_ENTRY 76
 116      00 00 00 7F 02 
 117 03d9 6E 12 75 41 4D FB 22 00 	HLL_INT_ENTRY 77
 117      00 00 00 7F 02 
 118 03e6 6E 12 75 41 4E FB 22 00 	HLL_INT_ENTRY 78
 118      00 00 00 7F 02 
 119 03f3 6E 12 75 41 4F FB 22 00 	HLL_INT_ENTRY 79
 119      00 00 00 7F 02 
 120 0400 6E 12 75 41 50 FB 22 00 	HLL_INT_ENTRY 80
 120      00 00 00 7F 02 
 121 040d 6E 12 75 41 51 FB 22 00 	HLL_INT_ENTRY 81
 121      00 00 00 7F 02 
 122 041a 6E 12 75 41 52 FB 22 00 	HLL_INT_ENTRY 82
 122      00 00 00 7F 02 
 123 0427 6E 12 75 41 53 FB 22 00 	HLL_INT_ENTRY 83
 123      00 00 00 7F 02 
 124 0434 6E 12 75 41 54 FB 22 00 	HLL_INT_ENTRY 84
 124      00 00 00 7F 02 
 125 0441 6E 12 75 41 55 FB 22 00 	HLL_INT_ENTRY 85
 125      00 00 00 7F 02 
 126 044e 6E 12 75 41 56 FB 22 00 	HLL_INT_ENTRY 86
 126      00 00 00 7F 02 
 127 045b 6E 12 75 41 57 FB 22 00 	HLL_INT_ENTRY 87
 127      00 00 00 7F 02 
 128 0468 6E 12 75 41 58 FB 22 00 	HLL_INT_ENTRY 88
 128      00 00 00 7F 02 
 129 0475 6E 12 75 41 59 FB 22 00 	HLL_INT_ENTRY 89
 129      00 00 00 7F 02 
 130 0482 6E 12 75 41 5A FB 22 00 	HLL_INT_ENTRY 90
 130      00 00 00 7F 02 
 131 048f 6E 12 75 41 5B FB 22 00 	HLL_INT_ENTRY 91
 131      00 00 00 7F 02 
 132 049c 6E 12 75 41 5C FB 22 00 	HLL_INT_ENTRY 92
 132      00 00 00 7F 02 
 133 04a9 6E 12 75 41 5D FB 22 00 	HLL_INT_ENTRY 93
 133      00 00 00 7F 02 
 134 04b6 6E 12 75 41 5E FB 22 00 	HLL_INT_ENTRY 94
 134      00 00 00 7F 02 
 135 04c3 6E 12 75 41 5F FB 22 00 	HLL_INT_ENTRY 95
 135      00 00 00 7F 02 
 136 04d0 6E 12 75 41 60 FB 22 00 	HLL_INT_ENTRY 96
 136      00 00 00 7F 02 
 137 04dd 6E 12 75 41 61 FB 22 00 	HLL_INT_ENTRY 97
 137      00 00 00 7F 02 
 138 04ea 6E 12 75 41 62 FB 22 00 	HLL_INT_ENTRY 98
 138      00 00 00 7F 02 
 139 04f7 6E 12 75 41 63 FB 22 00 	HLL_INT_ENTRY 99
 139      00 00 00 7F 02 
 140 0504 6E 12 75 41 64 FB 22 00 	HLL_INT_ENTRY 100
 140      00 00 00 7F 02 
 141 0511 6E 12 75 41 65 FB 22 00 	HLL_INT_ENTRY 101
 141      00 00 00 7F 02 
 142 051e 6E 12 75 41 66 FB 22 00 	HLL_INT_ENTRY 102
 142      00 00 00 7F 02 
 143 052b 6E 12 75 41 67 FB 22 00 	HLL_INT_ENTRY 103
 143      00 00 00 7F 02 
 144 0538 6E 12 75 41 68 FB 22 00 	HLL_INT_ENTRY 104
 144      00 00 00 7F 02 
 145 0545 6E 12 75 41 69 FB 22 00 	HLL_INT_ENTRY 105
 145      00 00 00 7F 02 
 146 0552 6E 12 75 41 6A FB 22 00 	HLL_INT_ENTRY 106
 146      00 00 00 7F 02 
 147 055f 6E 12 75 41 6B FB 22 00 	HLL_INT_ENTRY 107
 147      00 00 00 7F 02 
 148 056c 6E 12 75 41 6C FB 22 00 	HLL_INT_ENTRY 108
 148      00 00 00 7F 02 
 149 0579 6E 12 75 41 6D FB 22 00 	HLL_INT_ENTRY 109
 149      00 00 00 7F 02 
 150 0586 6E 12 75 41 6E FB 22 00 	HLL_INT_ENTRY 110
 150      00 00 00 7F 02 
 151 0593 6E 12 75 41 6F FB 22 00 	HLL_INT_ENTRY 111
 151      00 00 00 7F 02 
 152 05a0 6E 12 75 41 70 FB 22 00 	HLL_INT_ENTRY 112
 152      00 00 00 7F 02 
 153 05ad 6E 12 75 41 71 FB 22 00 	HLL_INT_ENTRY 113
 153      00 00 00 7F 02 
 154 05ba 6E 12 75 41 72 FB 22 00 	HLL_INT_ENTRY 114
 154      00 00 00 7F 02 
 155 05c7 6E 12 75 41 73 FB 22 00 	HLL_INT_ENTRY 115
 155      00 00 00 7F 02 
 156 05d4 6E 12 75 41 74 FB 22 00 	HLL_INT_ENTRY 116
 156      00 00 00 7F 02 
 157 05e1 6E 12 75 41 75 FB 22 00 	HLL_INT_ENTRY 117
 157      00 00 00 7F 02 
 158 05ee 6E 12 75 41 76 FB 22 00 	HLL_INT_ENTRY 118
 158      00 00 00 7F 02 
 159 05fb 6E 12 75 41 77 FB 22 00 	HLL_INT_ENTRY 119
 159      00 00 00 7F 02 
 160 0608 6E 12 75 41 78 FB 22 00 	HLL_INT_ENTRY 120
 160      00 00 00 7F 02 
 161 0615 6E 12 75 41 79 FB 22 00 	HLL_INT_ENTRY 121
 161      00 00 00 7F 02 
 162 0622 6E 12 75 41 7A FB 22 00 	HLL_INT_ENTRY 122
 162      00 00 00 7F 02 
 163 062f 6E 12 75 41 7B FB 22 00 	HLL_INT_ENTRY 123
 163      00 00 00 7F 02 
 164 063c 6E 12 75 41 7C FB 22 00 	HLL_INT_ENTRY 124
 164      00 00 00 7F 02 
 165 0649 6E 12 75 41 7D FB 22 00 	HLL_INT_ENTRY 125
 165      00 00 00 7F 02 
 166 0656 6E 12 75 41 7E FB 22 00 	HLL_INT_ENTRY 126
 166      00 00 00 7F 02 
 167 0663 6E 12 75 41 7F FB 22 00 	HLL_INT_ENTRY 127
 167      00 00 00 7F 02 
 168 0670 6E 12 75 41 80 FB 22 00 	HLL_INT_ENTRY 128
 168      00 00 00 7F 02 
 169 067d 6E 12 75 41 81 FB 22 00 	HLL_INT_ENTRY 129
 169      00 00 00 7F 02 
 170 068a 6E 12 75 41 82 FB 22 00 	HLL_INT_ENTRY 130
 170      00 00 00 7F 02 
 171 0697 6E 12 75 41 83 FB 22 00 	HLL_INT_ENTRY 131
 171      00 00 00 7F 02 
 172 06a4 6E 12 75 41 84 FB 22 00 	HLL_INT_ENTRY 132
 172      00 00 00 7F 02 
 173 06b1 6E 12 75 41 85 FB 22 00 	HLL_INT_ENTRY 133
 173      00 00 00 7F 02 
 174 06be 6E 12 75 41 86 FB 22 00 	HLL_INT_ENTRY 134
 174      00 00 00 7F 02 
 175 06cb 6E 12 75 41 87 FB 22 00 	HLL_INT_ENTRY 135
 175      00 00 00 7F 02 
 176 06d8 6E 12 75 41 88 FB 22 00 	HLL_INT_ENTRY 136
 176      00 00 00 7F 02 
 177 06e5 6E 12 75 41 89 FB 22 00 	HLL_INT_ENTRY 137
 177      00 00 00 7F 02 
 178 06f2 6E 12 75 41 8A FB 22 00 	HLL_INT_ENTRY 138
 178      00 00 00 7F 02 
 179 06ff 6E 12 75 41 8B FB 22 00 	HLL_INT_ENTRY 139
 179      00 00 00 7F 02 
 180 070c 6E 12 75 41 8C FB 22 00 	HLL_INT_ENTRY 140
 180      00 00 00 7F 02 
 181 0719 6E 12 75 41 8D FB 22 00 	HLL_INT_ENTRY 141
 181      00 00 00 7F 02 
 182 0726 6E 12 75 41 8E FB 22 00 	HLL_INT_ENTRY 142
 182      00 00 00 7F 02 
 183 0733 6E 12 75 41 8F FB 22 00 	HLL_INT_ENTRY 143
 183      00 00 00 7F 02 
 184 0740 6E 12 75 41 90 FB 22 00 	HLL_INT_ENTRY 144
 184      00 00 00 7F 02 
 185 074d 6E 12 75 41 91 FB 22 00 	HLL_INT_ENTRY 145
 185      00 00 00 7F 02 
 186 075a 6E 12 75 41 92 FB 22 00 	HLL_INT_ENTRY 146
 186      00 00 00 7F 02 
 187 0767 6E 12 75 41 93 FB 22 00 	HLL_INT_ENTRY 147
 187      00 00 00 7F 02 
 188 0774 6E 12 75 41 94 FB 22 00 	HLL_INT_ENTRY 148
 188      00 00 00 7F 02 
 189 0781 6E 12 75 41 95 FB 22 00 	HLL_INT_ENTRY 149
 189      00 00 00 7F 02 
 190 078e 6E 12 75 41 96 FB 22 00 	HLL_INT_ENTRY 150
 190      00 00 00 7F 02 
 191 079b 6E 12 75 41 97 FB 22 00 	HLL_INT_ENTRY 151
 191      00 00 00 7F 02 
 192 07a8 6E 12 75 41 98 FB 22 00 	HLL_INT_ENTRY 152
 192      00 00 00 7F 02 
 193 07b5 6E 12 75 41 99 FB 22 00 	HLL_INT_ENTRY 153
 193      00 00 00 7F 02 
 194 07c2 6E 12 75 41 9A FB 22 00 	HLL_INT_ENTRY 154
 194      00 00 00 7F 02 
 195 07cf 6E 12 75 41 9B FB 22 00 	HLL_INT_ENTRY 155
 195      00 00 00 7F 02 
 196 07dc 6E 12 75 41 9C FB 22 00 	HLL_INT_ENTRY 156
 196      00 00 00 7F 02 
 197 07e9 6E 12 75 41 9D FB 22 00 	HLL_INT_ENTRY 157
 197      00 00 00 7F 02 
 198 07f6 6E 12 75 41 9E FB 22 00 	HLL_INT_ENTRY 158
 198      00 00 00 7F 02 
 199 0803 6E 12 75 41 9F FB 22 00 	HLL_INT_ENTRY 159
 199      00 00 00 7F 02 
 200 0810 6E 12 75 41 A0 FB 22 00 	HLL_INT_ENTRY 160
 200      00 00 00 7F 02 
 201 081d 6E 12 75 41 A1 FB 22 00 	HLL_INT_ENTRY 161
 201      00 00 00 7F 02 
 202 082a 6E 12 75 41 A2 FB 22 00 	HLL_INT_ENTRY 162
 202      00 00 00 7F 02 
 203 0837 6E 12 75 41 A3 FB 22 00 	HLL_INT_ENTRY 163
 203      00 00 00 7F 02 
 204 0844 6E 12 75 41 A4 FB 22 00 	HLL_INT_ENTRY 164
 204      00 00 00 7F 02 
 205 0851 6E 12 75 41 A5 FB 22 00 	HLL_INT_ENTRY 165
 205      00 00 00 7F 02 
 206 085e 6E 12 75 41 A6 FB 22 00 	HLL_INT_ENTRY 166
 206      00 00 00 7F 02 
 207 086b 6E 12 75 41 A7 FB 22 00 	HLL_INT_ENTRY 167
 207      00 00 00 7F 02 
 208 0878 6E 12 75 41 A8 FB 22 00 	HLL_INT_ENTRY 168
 208      00 00 00 7F 02 
 209 0885 6E 12 75 41 A9 FB 22 00 	HLL_INT_ENTRY 169
 209      00 00 00 7F 02 
 210 0892 6E 12 75 41 AA FB 22 00 	HLL_INT_ENTRY 170
 210      00 00 00 7F 02 
 211 089f 6E 12 75 41 AB FB 22 00 	HLL_INT_ENTRY 171
 211      00 00 00 7F 02 
 212 08ac 6E 12 75 41 AC FB 22 00 	HLL_INT_ENTRY 172
 212      00 00 00 7F 02 
 213 08b9 6E 12 75 41 AD FB 22 00 	HLL_INT_ENTRY 173
 213      00 00 00 7F 02 
 214 08c6 6E 12 75 41 AE FB 22 00 	HLL_INT_ENTRY 174
 214      00 00 00 7F 02 
 215 08d3 6E 12 75 41 AF FB 22 00 	HLL_INT_ENTRY 175
 215      00 00 00 7F 02 
 216 08e0 6E 12 75 41 B0 FB 22 00 	HLL_INT_ENTRY 176
 216      00 00 00 7F 02 
 217 08ed 6E 12 75 41 B1 FB 22 00 	HLL_INT_ENTRY 177
 217      00 00 00 7F 02 
 218 08fa 6E 12 75 41 B2 FB 22 00 	HLL_INT_ENTRY 178
 218      00 00 00 7F 02 
 219 0907 6E 12 75 41 B3 FB 22 00 	HLL_INT_ENTRY 179
 219      00 00 00 7F 02 
 220 0914 6E 12 75 41 B4 FB 22 00 	HLL_INT_ENTRY 180
 220      00 00 00 7F 02 
 221 0921 6E 12 75 41 B5 FB 22 00 	HLL_INT_ENTRY 181
 221      00 00 00 7F 02 
 222 092e 6E 12 75 41 B6 FB 22 00 	HLL_INT_ENTRY 182
 222      00 00 00 7F 02 
 223 093b 6E 12 75 41 B7 FB 22 00 	HLL_INT_ENTRY 183
 223      00 00 00 7F 02 
 224 0948 6E 12 75 41 B8 FB 22 00 	HLL_INT_ENTRY 184
 224      00 00 00 7F 02 
 225 0955 6E 12 75 41 B9 FB 22 00 	HLL_INT_ENTRY 185
 225      00 00 00 7F 02 
 226 0962 6E 12 75 41 BA FB 22 00 	HLL_INT_ENTRY 186
 226      00 00 00 7F 02 
 227 096f 6E 12 75 41 BB FB 22 00 	HLL_INT_ENTRY 187
 227      00 00 00 7F 02 
 228 097c 6E 12 75 41 BC FB 22 00 	HLL_INT_ENTRY 188
 228      00 00 00 7F 02 
 229 0989 6E 12 75 41 BD FB 22 00 	HLL_INT_ENTRY 189
 229      00 00 00 7F 02 
 230 0996 6E 12 75 41 BE FB 22 00 	HLL_INT_ENTRY 190
 230      00 00 00 7F 02 
 231 09a3 6E 12 75 41 BF FB 22 00 	HLL_INT_ENTRY 191
 231      00 00 00 7F 02 
 232 09b0 6E 12 75 41 C0 FB 22 00 	HLL_INT_ENTRY 192
 232      00 00 00 7F 02 
 233 09bd 6E 12 75 41 C1 FB 22 00 	HLL_INT_ENTRY 193
 233      00 00 00 7F 02 
 234 09ca 6E 12 75 41 C2 FB 22 00 	HLL_INT_ENTRY 194
 234      00 00 00 7F 02 
 235 09d7 6E 12 75 41 C3 FB 22 00 	HLL_INT_ENTRY 195
 235      00 00 00 7F 02 
 236 09e4 6E 12 75 41 C4 FB 22 00 	HLL_INT_ENTRY 196
 236      00 00 00 7F 02 
 237 09f1 6E 12 75 41 C5 FB 22 00 	HLL_INT_ENTRY 197
 237      00 00 00 7F 02 
 238 09fe 6E 12 75 41 C6 FB 22 00 	HLL_INT_ENTRY 198
 238      00 00 00 7F 02 
 239 0a0b 6E 12 75 41 C7 FB 22 00 	HLL_INT_ENTRY 199
 239      00 00 00 7F 02 
 240 0a18 6E 12 75 41 C8 FB 22 00 	HLL_INT_ENTRY 200
 240      00 00 00 7F 02 
 241 0a25 6E 12 75 41 C9 FB 22 00 	HLL_INT_ENTRY 201
 241      00 00 00 7F 02 
 242 0a32 6E 12 75 41 CA FB 22 00 	HLL_INT_ENTRY 202
 242      00 00 00 7F 02 
 243 0a3f 6E 12 75 41 CB FB 22 00 	HLL_INT_ENTRY 203
 243      00 00 00 7F 02 
 244 0a4c 6E 12 75 41 CC FB 22 00 	HLL_INT_ENTRY 204
 244      00 00 00 7F 02 
 245 0a59 6E 12 75 41 CD FB 22 00 	HLL_INT_ENTRY 205
 245      00 00 00 7F 02 
 246 0a66 6E 12 75 41 CE FB 22 00 	HLL_INT_ENTRY 206
 246      00 00 00 7F 02 
 247 0a73 6E 12 75 41 CF FB 22 00 	HLL_INT_ENTRY 207
 247      00 00 00 7F 02 
 248 0a80 6E 12 75 41 D0 FB 22 00 	HLL_INT_ENTRY 208
 248      00 00 00 7F 02 
 249 0a8d 6E 12 75 41 D1 FB 22 00 	HLL_INT_ENTRY 209
 249      00 00 00 7F 02 
 250 0a9a 6E 12 75 41 D2 FB 22 00 	HLL_INT_ENTRY 210
 250      00 00 00 7F 02 
 251 0aa7 6E 12 75 41 D3 FB 22 00 	HLL_INT_ENTRY 211
 251      00 00 00 7F 02 
 252 0ab4 6E 12 75 41 D4 FB 22 00 	HLL_INT_ENTRY 212
 252      00 00 00 7F 02 
 253 0ac1 6E 12 75 41 D5 FB 22 00 	HLL_INT_ENTRY 213
 253      00 00 00 7F 02 
 254 0ace 6E 12 75 41 D6 FB 22 00 	HLL_INT_ENTRY 214
 254      00 00 00 7F 02 
 255 0adb 6E 12 75 41 D7 FB 22 00 	HLL_INT_ENTRY 215
 255      00 00 00 7F 02 
 256 0ae8 6E 12 75 41 D8 FB 22 00 	HLL_INT_ENTRY 216
 256      00 00 00 7F 02 
 257 0af5 6E 12 75 41 D9 FB 22 00 	HLL_INT_ENTRY 217
 257      00 00 00 7F 02 
 258 0b02 6E 12 75 41 DA FB 22 00 	HLL_INT_ENTRY 218
 258      00 00 00 7F 02 
 259 0b0f 6E 12 75 41 DB FB 22 00 	HLL_INT_ENTRY 219
 259      00 00 00 7F 02 
 260 0b1c 6E 12 75 41 DC FB 22 00 	HLL_INT_ENTRY 220
 260      00 00 00 7F 02 
 261 0b29 6E 12 75 41 DD FB 22 00 	HLL_INT_ENTRY 221
 261      00 00 00 7F 02 
 262 0b36 6E 12 75 41 DE FB 22 00 	HLL_INT_ENTRY 222
 262      00 00 00 7F 02 
 263 0b43 6E 12 75 41 DF FB 22 00 	HLL_INT_ENTRY 223
 263      00 00 00 7F 02 
 264 0b50 6E 12 75 41 E0 FB 22 00 	HLL_INT_ENTRY 224
 264      00 00 00 7F 02 
 265 0b5d 6E 12 75 41 E1 FB 22 00 	HLL_INT_ENTRY 225
 265      00 00 00 7F 02 
 266 0b6a 6E 12 75 41 E2 FB 22 00 	HLL_INT_ENTRY 226
 266      00 00 00 7F 02 
 267 0b77 6E 12 75 41 E3 FB 22 00 	HLL_INT_ENTRY 227
 267      00 00 00 7F 02 
 268 0b84 6E 12 75 41 E4 FB 22 00 	HLL_INT_ENTRY 228
 268      00 00 00 7F 02 
 269 0b91 6E 12 75 41 E5 FB 22 00 	HLL_INT_ENTRY 229
 269      00 00 00 7F 02 
 270 0b9e 6E 12 75 41 E6 FB 22 00 	HLL_INT_ENTRY 230
 270      00 00 00 7F 02 
 271 0bab 6E 12 75 41 E7 FB 22 00 	HLL_INT_ENTRY 231
 271      00 00 00 7F 02 
 272 0bb8 6E 12 75 41 E8 FB 22 00 	HLL_INT_ENTRY 232
 272      00 00 00 7F 02 
 273 0bc5 6E 12 75 41 E9 FB 22 00 	HLL_INT_ENTRY 233
 273      00 00 00 7F 02 
 274 0bd2 6E 12 75 41 EA FB 22 00 	HLL_INT_ENTRY 234
 274      00 00 00 7F 02 
 275 0bdf 6E 12 75 41 EB FB 22 00 	HLL_INT_ENTRY 235
 275      00 00 00 7F 02 
 276 0bec 6E 12 75 41 EC FB 22 00 	HLL_INT_ENTRY 236
 276      00 00 00 7F 02 
 277 0bf9 6E 12 75 41 ED FB 22 00 	HLL_INT_ENTRY 237
 277      00 00 00 7F 02 
 278 0c06 6E 12 75 41 EE FB 22 00 	HLL_INT_ENTRY 238
 278      00 00 00 7F 02 
 279 0c13 6E 12 75 41 EF FB 22 00 	HLL_INT_ENTRY 239
 279      00 00 00 7F 02 
 280 0c20 6E 12 75 41 F0 FB 22 00 	HLL_INT_ENTRY 240
 280      00 00 00 7F 02 
 281 0c2d 6E 12 75 41 F1 FB 22 00 	HLL_INT_ENTRY 241
 281      00 00 00 7F 02 
 282 0c3a 6E 12 75 41 F2 FB 22 00 	HLL_INT_ENTRY 242
 282      00 00 00 7F 02 
 283 0c47 6E 12 75 41 F3 FB 22 00 	HLL_INT_ENTRY 243
 283      00 00 00 7F 02 
 284 0c54 6E 12 75 41 F4 FB 22 00 	HLL_INT_ENTRY 244
 284      00 00 00 7F 02 
 285 0c61 6E 12 75 41 F5 FB 22 00 	HLL_INT_ENTRY 245
 285      00 00 00 7F 02 
 286 0c6e 6E 12 75 41 F6 FB 22 00 	HLL_INT_ENTRY 246
 286      00 00 00 7F 02 
 287 0c7b 6E 12 75 41 F7 FB 22 00 	HLL_INT_ENTRY 247
 287      00 00 00 7F 02 
 288 0c88 6E 12 75 41 F8 FB 22 00 	HLL_INT_ENTRY 248
 288      00 00 00 7F 02 
 289 0c95 6E 12 75 41 F9 FB 22 00 	HLL_INT_ENTRY 249
 289      00 00 00 7F 02 
 290 0ca2 6E 12 75 41 FA FB 22 00 	HLL_INT_ENTRY 250
 290      00 00 00 7F 02 
 291 0caf 6E 12 75 41 FB FB 22 00 	HLL_INT_ENTRY 251
 291      00 00 00 7F 02 
 292 0cbc 6E 12 75 41 FC FB 22 00 	HLL_INT_ENTRY 252
 292      00 00 00 7F 02 
 293 0cc9 6E 12 75 41 FD FB 22 00 	HLL_INT_ENTRY 253
 293      00 00 00 7F 02 
 294 0cd6 6E 12 75 41 FE FB 22 00 	HLL_INT_ENTRY 254
 294      00 00 00 7F 02 
 295 0ce3 6E 12 75 41 FF FB 22 00 	HLL_INT_ENTRY 255
 295      00 00 00 7F 02 
 296                             		.end
