   1                             		.file	"intvect_tbl.c"
   2                             		.section P,"ax"
   3                             	.Ltext0:
   4                             		.global	_knl_int_vect_rom
   5                             		.section	.rvectors,"a"
   6                             		.balign 4
   9                             	_knl_int_vect_rom:
  10 0000 00 00 00 00             		.long	_hll_inthdr_entry_0
  11 0004 00 00 00 00             		.long	_hll_inthdr_entry_1
  12 0008 00 00 00 00             		.long	_hll_inthdr_entry_2
  13 000c 00 00 00 00             		.long	_hll_inthdr_entry_3
  14 0010 00 00 00 00             		.long	_hll_inthdr_entry_4
  15 0014 00 00 00 00             		.long	_hll_inthdr_entry_5
  16 0018 00 00 00 00             		.long	_hll_inthdr_entry_6
  17 001c 00 00 00 00             		.long	_hll_inthdr_entry_7
  18 0020 00 00 00 00             		.long	_hll_inthdr_entry_8
  19 0024 00 00 00 00             		.long	_hll_inthdr_entry_9
  20 0028 00 00 00 00             		.long	_hll_inthdr_entry_10
  21 002c 00 00 00 00             		.long	_hll_inthdr_entry_11
  22 0030 00 00 00 00             		.long	_hll_inthdr_entry_12
  23 0034 00 00 00 00             		.long	_hll_inthdr_entry_13
  24 0038 00 00 00 00             		.long	_hll_inthdr_entry_14
  25 003c 00 00 00 00             		.long	_hll_inthdr_entry_15
  26 0040 00 00 00 00             		.long	_hll_inthdr_entry_16
  27 0044 00 00 00 00             		.long	_hll_inthdr_entry_17
  28 0048 00 00 00 00             		.long	_hll_inthdr_entry_18
  29 004c 00 00 00 00             		.long	_hll_inthdr_entry_19
  30 0050 00 00 00 00             		.long	_hll_inthdr_entry_20
  31 0054 00 00 00 00             		.long	_hll_inthdr_entry_21
  32 0058 00 00 00 00             		.long	_hll_inthdr_entry_22
  33 005c 00 00 00 00             		.long	_hll_inthdr_entry_23
  34 0060 00 00 00 00             		.long	_hll_inthdr_entry_24
  35 0064 00 00 00 00             		.long	_hll_inthdr_entry_25
  36 0068 00 00 00 00             		.long	_hll_inthdr_entry_26
  37 006c 00 00 00 00             		.long	_hll_inthdr_entry_27
  38 0070 00 00 00 00             		.long	_hll_inthdr_entry_28
  39 0074 00 00 00 00             		.long	_hll_inthdr_entry_29
  40 0078 00 00 00 00             		.long	_hll_inthdr_entry_30
  41 007c 00 00 00 00             		.long	_hll_inthdr_entry_31
  42 0080 00 00 00 00             		.long	_hll_inthdr_entry_32
  43 0084 00 00 00 00             		.long	_hll_inthdr_entry_33
  44 0088 00 00 00 00             		.long	_hll_inthdr_entry_34
  45 008c 00 00 00 00             		.long	_hll_inthdr_entry_35
  46 0090 00 00 00 00             		.long	_hll_inthdr_entry_36
  47 0094 00 00 00 00             		.long	_hll_inthdr_entry_37
  48 0098 00 00 00 00             		.long	_hll_inthdr_entry_38
  49 009c 00 00 00 00             		.long	_hll_inthdr_entry_39
  50 00a0 00 00 00 00             		.long	_hll_inthdr_entry_40
  51 00a4 00 00 00 00             		.long	_hll_inthdr_entry_41
  52 00a8 00 00 00 00             		.long	_hll_inthdr_entry_42
  53 00ac 00 00 00 00             		.long	_hll_inthdr_entry_43
  54 00b0 00 00 00 00             		.long	_hll_inthdr_entry_44
  55 00b4 00 00 00 00             		.long	_hll_inthdr_entry_45
  56 00b8 00 00 00 00             		.long	_hll_inthdr_entry_46
  57 00bc 00 00 00 00             		.long	_hll_inthdr_entry_47
  58 00c0 00 00 00 00             		.long	_hll_inthdr_entry_48
  59 00c4 00 00 00 00             		.long	_hll_inthdr_entry_49
  60 00c8 00 00 00 00             		.long	_hll_inthdr_entry_50
  61 00cc 00 00 00 00             		.long	_hll_inthdr_entry_51
  62 00d0 00 00 00 00             		.long	_hll_inthdr_entry_52
  63 00d4 00 00 00 00             		.long	_hll_inthdr_entry_53
  64 00d8 00 00 00 00             		.long	_hll_inthdr_entry_54
  65 00dc 00 00 00 00             		.long	_hll_inthdr_entry_55
  66 00e0 00 00 00 00             		.long	_hll_inthdr_entry_56
  67 00e4 00 00 00 00             		.long	_hll_inthdr_entry_57
  68 00e8 00 00 00 00             		.long	_hll_inthdr_entry_58
  69 00ec 00 00 00 00             		.long	_hll_inthdr_entry_59
  70 00f0 00 00 00 00             		.long	_hll_inthdr_entry_60
  71 00f4 00 00 00 00             		.long	_hll_inthdr_entry_61
  72 00f8 00 00 00 00             		.long	_hll_inthdr_entry_62
  73 00fc 00 00 00 00             		.long	_hll_inthdr_entry_63
  74 0100 00 00 00 00             		.long	_hll_inthdr_entry_64
  75 0104 00 00 00 00             		.long	_hll_inthdr_entry_65
  76 0108 00 00 00 00             		.long	_hll_inthdr_entry_66
  77 010c 00 00 00 00             		.long	_hll_inthdr_entry_67
  78 0110 00 00 00 00             		.long	_hll_inthdr_entry_68
  79 0114 00 00 00 00             		.long	_hll_inthdr_entry_69
  80 0118 00 00 00 00             		.long	_hll_inthdr_entry_70
  81 011c 00 00 00 00             		.long	_hll_inthdr_entry_71
  82 0120 00 00 00 00             		.long	_hll_inthdr_entry_72
  83 0124 00 00 00 00             		.long	_hll_inthdr_entry_73
  84 0128 00 00 00 00             		.long	_hll_inthdr_entry_74
  85 012c 00 00 00 00             		.long	_hll_inthdr_entry_75
  86 0130 00 00 00 00             		.long	_hll_inthdr_entry_76
  87 0134 00 00 00 00             		.long	_hll_inthdr_entry_77
  88 0138 00 00 00 00             		.long	_hll_inthdr_entry_78
  89 013c 00 00 00 00             		.long	_hll_inthdr_entry_79
  90 0140 00 00 00 00             		.long	_hll_inthdr_entry_80
  91 0144 00 00 00 00             		.long	_hll_inthdr_entry_81
  92 0148 00 00 00 00             		.long	_hll_inthdr_entry_82
  93 014c 00 00 00 00             		.long	_hll_inthdr_entry_83
  94 0150 00 00 00 00             		.long	_hll_inthdr_entry_84
  95 0154 00 00 00 00             		.long	_hll_inthdr_entry_85
  96 0158 00 00 00 00             		.long	_hll_inthdr_entry_86
  97 015c 00 00 00 00             		.long	_hll_inthdr_entry_87
  98 0160 00 00 00 00             		.long	_hll_inthdr_entry_88
  99 0164 00 00 00 00             		.long	_hll_inthdr_entry_89
 100 0168 00 00 00 00             		.long	_hll_inthdr_entry_90
 101 016c 00 00 00 00             		.long	_hll_inthdr_entry_91
 102 0170 00 00 00 00             		.long	_hll_inthdr_entry_92
 103 0174 00 00 00 00             		.long	_hll_inthdr_entry_93
 104 0178 00 00 00 00             		.long	_hll_inthdr_entry_94
 105 017c 00 00 00 00             		.long	_hll_inthdr_entry_95
 106 0180 00 00 00 00             		.long	_hll_inthdr_entry_96
 107 0184 00 00 00 00             		.long	_hll_inthdr_entry_97
 108 0188 00 00 00 00             		.long	_hll_inthdr_entry_98
 109 018c 00 00 00 00             		.long	_hll_inthdr_entry_99
 110 0190 00 00 00 00             		.long	_hll_inthdr_entry_100
 111 0194 00 00 00 00             		.long	_hll_inthdr_entry_101
 112 0198 00 00 00 00             		.long	_hll_inthdr_entry_102
 113 019c 00 00 00 00             		.long	_hll_inthdr_entry_103
 114 01a0 00 00 00 00             		.long	_hll_inthdr_entry_104
 115 01a4 00 00 00 00             		.long	_hll_inthdr_entry_105
 116 01a8 00 00 00 00             		.long	_hll_inthdr_entry_106
 117 01ac 00 00 00 00             		.long	_hll_inthdr_entry_107
 118 01b0 00 00 00 00             		.long	_hll_inthdr_entry_108
 119 01b4 00 00 00 00             		.long	_hll_inthdr_entry_109
 120 01b8 00 00 00 00             		.long	_hll_inthdr_entry_110
 121 01bc 00 00 00 00             		.long	_hll_inthdr_entry_111
 122 01c0 00 00 00 00             		.long	_hll_inthdr_entry_112
 123 01c4 00 00 00 00             		.long	_hll_inthdr_entry_113
 124 01c8 00 00 00 00             		.long	_hll_inthdr_entry_114
 125 01cc 00 00 00 00             		.long	_hll_inthdr_entry_115
 126 01d0 00 00 00 00             		.long	_hll_inthdr_entry_116
 127 01d4 00 00 00 00             		.long	_hll_inthdr_entry_117
 128 01d8 00 00 00 00             		.long	_hll_inthdr_entry_118
 129 01dc 00 00 00 00             		.long	_hll_inthdr_entry_119
 130 01e0 00 00 00 00             		.long	_hll_inthdr_entry_120
 131 01e4 00 00 00 00             		.long	_hll_inthdr_entry_121
 132 01e8 00 00 00 00             		.long	_hll_inthdr_entry_122
 133 01ec 00 00 00 00             		.long	_hll_inthdr_entry_123
 134 01f0 00 00 00 00             		.long	_hll_inthdr_entry_124
 135 01f4 00 00 00 00             		.long	_hll_inthdr_entry_125
 136 01f8 00 00 00 00             		.long	_hll_inthdr_entry_126
 137 01fc 00 00 00 00             		.long	_hll_inthdr_entry_127
 138 0200 00 00 00 00             		.long	_hll_inthdr_entry_128
 139 0204 00 00 00 00             		.long	_hll_inthdr_entry_129
 140 0208 00 00 00 00             		.long	_hll_inthdr_entry_130
 141 020c 00 00 00 00             		.long	_hll_inthdr_entry_131
 142 0210 00 00 00 00             		.long	_hll_inthdr_entry_132
 143 0214 00 00 00 00             		.long	_hll_inthdr_entry_133
 144 0218 00 00 00 00             		.long	_hll_inthdr_entry_134
 145 021c 00 00 00 00             		.long	_hll_inthdr_entry_135
 146 0220 00 00 00 00             		.long	_hll_inthdr_entry_136
 147 0224 00 00 00 00             		.long	_hll_inthdr_entry_137
 148 0228 00 00 00 00             		.long	_hll_inthdr_entry_138
 149 022c 00 00 00 00             		.long	_hll_inthdr_entry_139
 150 0230 00 00 00 00             		.long	_hll_inthdr_entry_140
 151 0234 00 00 00 00             		.long	_hll_inthdr_entry_141
 152 0238 00 00 00 00             		.long	_hll_inthdr_entry_142
 153 023c 00 00 00 00             		.long	_hll_inthdr_entry_143
 154 0240 00 00 00 00             		.long	_hll_inthdr_entry_144
 155 0244 00 00 00 00             		.long	_hll_inthdr_entry_145
 156 0248 00 00 00 00             		.long	_hll_inthdr_entry_146
 157 024c 00 00 00 00             		.long	_hll_inthdr_entry_147
 158 0250 00 00 00 00             		.long	_hll_inthdr_entry_148
 159 0254 00 00 00 00             		.long	_hll_inthdr_entry_149
 160 0258 00 00 00 00             		.long	_hll_inthdr_entry_150
 161 025c 00 00 00 00             		.long	_hll_inthdr_entry_151
 162 0260 00 00 00 00             		.long	_hll_inthdr_entry_152
 163 0264 00 00 00 00             		.long	_hll_inthdr_entry_153
 164 0268 00 00 00 00             		.long	_hll_inthdr_entry_154
 165 026c 00 00 00 00             		.long	_hll_inthdr_entry_155
 166 0270 00 00 00 00             		.long	_hll_inthdr_entry_156
 167 0274 00 00 00 00             		.long	_hll_inthdr_entry_157
 168 0278 00 00 00 00             		.long	_hll_inthdr_entry_158
 169 027c 00 00 00 00             		.long	_hll_inthdr_entry_159
 170 0280 00 00 00 00             		.long	_hll_inthdr_entry_160
 171 0284 00 00 00 00             		.long	_hll_inthdr_entry_161
 172 0288 00 00 00 00             		.long	_hll_inthdr_entry_162
 173 028c 00 00 00 00             		.long	_hll_inthdr_entry_163
 174 0290 00 00 00 00             		.long	_hll_inthdr_entry_164
 175 0294 00 00 00 00             		.long	_hll_inthdr_entry_165
 176 0298 00 00 00 00             		.long	_hll_inthdr_entry_166
 177 029c 00 00 00 00             		.long	_hll_inthdr_entry_167
 178 02a0 00 00 00 00             		.long	_hll_inthdr_entry_168
 179 02a4 00 00 00 00             		.long	_hll_inthdr_entry_169
 180 02a8 00 00 00 00             		.long	_hll_inthdr_entry_170
 181 02ac 00 00 00 00             		.long	_hll_inthdr_entry_171
 182 02b0 00 00 00 00             		.long	_hll_inthdr_entry_172
 183 02b4 00 00 00 00             		.long	_hll_inthdr_entry_173
 184 02b8 00 00 00 00             		.long	_hll_inthdr_entry_174
 185 02bc 00 00 00 00             		.long	_hll_inthdr_entry_175
 186 02c0 00 00 00 00             		.long	_hll_inthdr_entry_176
 187 02c4 00 00 00 00             		.long	_hll_inthdr_entry_177
 188 02c8 00 00 00 00             		.long	_hll_inthdr_entry_178
 189 02cc 00 00 00 00             		.long	_hll_inthdr_entry_179
 190 02d0 00 00 00 00             		.long	_hll_inthdr_entry_180
 191 02d4 00 00 00 00             		.long	_hll_inthdr_entry_181
 192 02d8 00 00 00 00             		.long	_hll_inthdr_entry_182
 193 02dc 00 00 00 00             		.long	_hll_inthdr_entry_183
 194 02e0 00 00 00 00             		.long	_hll_inthdr_entry_184
 195 02e4 00 00 00 00             		.long	_hll_inthdr_entry_185
 196 02e8 00 00 00 00             		.long	_hll_inthdr_entry_186
 197 02ec 00 00 00 00             		.long	_hll_inthdr_entry_187
 198 02f0 00 00 00 00             		.long	_hll_inthdr_entry_188
 199 02f4 00 00 00 00             		.long	_hll_inthdr_entry_189
 200 02f8 00 00 00 00             		.long	_hll_inthdr_entry_190
 201 02fc 00 00 00 00             		.long	_hll_inthdr_entry_191
 202 0300 00 00 00 00             		.long	_hll_inthdr_entry_192
 203 0304 00 00 00 00             		.long	_hll_inthdr_entry_193
 204 0308 00 00 00 00             		.long	_hll_inthdr_entry_194
 205 030c 00 00 00 00             		.long	_hll_inthdr_entry_195
 206 0310 00 00 00 00             		.long	_hll_inthdr_entry_196
 207 0314 00 00 00 00             		.long	_hll_inthdr_entry_197
 208 0318 00 00 00 00             		.long	_hll_inthdr_entry_198
 209 031c 00 00 00 00             		.long	_hll_inthdr_entry_199
 210 0320 00 00 00 00             		.long	_hll_inthdr_entry_209
 211 0324 00 00 00 00             		.long	_hll_inthdr_entry_201
 212 0328 00 00 00 00             		.long	_hll_inthdr_entry_202
 213 032c 00 00 00 00             		.long	_hll_inthdr_entry_203
 214 0330 00 00 00 00             		.long	_hll_inthdr_entry_204
 215 0334 00 00 00 00             		.long	_hll_inthdr_entry_205
 216 0338 00 00 00 00             		.long	_hll_inthdr_entry_206
 217 033c 00 00 00 00             		.long	_hll_inthdr_entry_207
 218 0340 00 00 00 00             		.long	_hll_inthdr_entry_208
 219 0344 00 00 00 00             		.long	_hll_inthdr_entry_209
 220 0348 00 00 00 00             		.long	_hll_inthdr_entry_210
 221 034c 00 00 00 00             		.long	_hll_inthdr_entry_211
 222 0350 00 00 00 00             		.long	_hll_inthdr_entry_212
 223 0354 00 00 00 00             		.long	_hll_inthdr_entry_213
 224 0358 00 00 00 00             		.long	_hll_inthdr_entry_214
 225 035c 00 00 00 00             		.long	_hll_inthdr_entry_215
 226 0360 00 00 00 00             		.long	_hll_inthdr_entry_216
 227 0364 00 00 00 00             		.long	_hll_inthdr_entry_217
 228 0368 00 00 00 00             		.long	_hll_inthdr_entry_218
 229 036c 00 00 00 00             		.long	_hll_inthdr_entry_219
 230 0370 00 00 00 00             		.long	_hll_inthdr_entry_220
 231 0374 00 00 00 00             		.long	_hll_inthdr_entry_221
 232 0378 00 00 00 00             		.long	_hll_inthdr_entry_222
 233 037c 00 00 00 00             		.long	_hll_inthdr_entry_223
 234 0380 00 00 00 00             		.long	_hll_inthdr_entry_224
 235 0384 00 00 00 00             		.long	_hll_inthdr_entry_225
 236 0388 00 00 00 00             		.long	_hll_inthdr_entry_226
 237 038c 00 00 00 00             		.long	_hll_inthdr_entry_227
 238 0390 00 00 00 00             		.long	_hll_inthdr_entry_228
 239 0394 00 00 00 00             		.long	_hll_inthdr_entry_229
 240 0398 00 00 00 00             		.long	_hll_inthdr_entry_230
 241 039c 00 00 00 00             		.long	_hll_inthdr_entry_231
 242 03a0 00 00 00 00             		.long	_hll_inthdr_entry_232
 243 03a4 00 00 00 00             		.long	_hll_inthdr_entry_233
 244 03a8 00 00 00 00             		.long	_hll_inthdr_entry_234
 245 03ac 00 00 00 00             		.long	_hll_inthdr_entry_235
 246 03b0 00 00 00 00             		.long	_hll_inthdr_entry_236
 247 03b4 00 00 00 00             		.long	_hll_inthdr_entry_237
 248 03b8 00 00 00 00             		.long	_hll_inthdr_entry_238
 249 03bc 00 00 00 00             		.long	_hll_inthdr_entry_239
 250 03c0 00 00 00 00             		.long	_hll_inthdr_entry_240
 251 03c4 00 00 00 00             		.long	_hll_inthdr_entry_241
 252 03c8 00 00 00 00             		.long	_hll_inthdr_entry_242
 253 03cc 00 00 00 00             		.long	_hll_inthdr_entry_243
 254 03d0 00 00 00 00             		.long	_hll_inthdr_entry_244
 255 03d4 00 00 00 00             		.long	_hll_inthdr_entry_245
 256 03d8 00 00 00 00             		.long	_hll_inthdr_entry_246
 257 03dc 00 00 00 00             		.long	_hll_inthdr_entry_247
 258 03e0 00 00 00 00             		.long	_hll_inthdr_entry_248
 259 03e4 00 00 00 00             		.long	_hll_inthdr_entry_249
 260 03e8 00 00 00 00             		.long	_hll_inthdr_entry_250
 261 03ec 00 00 00 00             		.long	_hll_inthdr_entry_251
 262 03f0 00 00 00 00             		.long	_hll_inthdr_entry_252
 263 03f4 00 00 00 00             		.long	_hll_inthdr_entry_253
 264 03f8 00 00 00 00             		.long	_hll_inthdr_entry_254
 265 03fc 00 00 00 00             		.long	_hll_inthdr_entry_255
 266                             		.section P,"ax"
 267                             	.Letext0:
 268                             		.file 1 "D:\\tkernel_dev\\mtk3_bsp\\dev_bsp_b2_tbrx65n\\include/tk/typedef.h"
 269                             		.file 2 "D:\\tkernel_dev\\mtk3_bsp\\dev_bsp_b2_tbrx65n\\include/tk/syscall.h"
 270                             		.file 3 "D:\\tkernel_dev\\mtk3_bsp\\dev_bsp_b2_tbrx65n\\include/sys/queue.h"
 271                             		.file 4 "D:\\tkernel_dev\\mtk3_bsp\\dev_bsp_b2_tbrx65n\\kernel\\knlinc/kernel.h"
 272                             		.file 5 "d:\\tkernel_dev\\mtk3_bsp\\dev_bsp_b2_tbrx65n\\kernel\\tkernel\\timer.h"
 273                             		.file 6 "d:\\tkernel_dev\\mtk3_bsp\\dev_bsp_b2_tbrx65n\\kernel\\tkernel\\winfo.h"
 274                             		.file 7 "d:\\tkernel_dev\\mtk3_bsp\\dev_bsp_b2_tbrx65n\\kernel\\tkernel\\mutex.h"
 275                             		.file 8 "d:\\tkernel_dev\\mtk3_bsp\\dev_bsp_b2_tbrx65n\\kernel\\sysdepend\\cpu\\core\\rxv2\\sysdep
 276                             		.file 9 "d:\\tkernel_dev\\mtk3_bsp\\dev_bsp_b2_tbrx65n\\kernel\\sysdepend\\cpu\\core\\rxv2\\cpu_st
 277                             		.file 10 "../kernel/sysdepend/cpu/rx65n/../../rtb_rx65n/../cpu/rx65n/sysdepend.h"
 278                             		.file 11 "../kernel/sysdepend/cpu/rx65n/intvect_tbl.c"
