   1                             		.file	"vector_tbl.c"
   2                             		.section P,"ax"
   3                             	.Ltext0:
   4                             		.global	_reset_vect
   5                             		.section	.fvectors,"a"
   6                             		.balign 4
   9                             	_reset_vect:
  10 0000 00 00 00 00             		.long	_Reset_Handler
  11                             		.global	_exvect_tbl
  12                             		.section	.exvectors,"a"
  13                             		.balign 4
  16                             	_exvect_tbl:
  17 0000 FF FF FF FF             		.long	-1
  18 0004 00 00 00 00             		.long	0
  19 0008 FF FF FF FF             		.long	-1
  20 000c FF FF FF FF             		.long	-1
  21 0010 00 00 00 00             		.long	0
  22 0014 00 00 00 00             		.long	0
  23 0018 00 00 00 00             		.long	0
  24 001c 00 00 00 00             		.long	0
  25 0020 FF FF FF FF             		.long	-1
  26 0024 FF FF FF FF             		.long	-1
  27 0028 FF FF FF FF             		.long	-1
  28 002c FF FF FF FF             		.long	-1
  29 0030 00 00 00 00             		.long	0
  30 0034 00 00 00 00             		.long	0
  31 0038 00 00 00 00             		.long	0
  32 003c 00 00 00 00             		.long	0
  33 0040 00 00 00 00             		.long	0
  34 0044 00 00 00 00             		.long	0
  35 0048 00 00 00 00             		.long	0
  36 004c 00 00 00 00             		.long	0
  37 0050 00 00 00 00             		.long	_SuperVisorInst_Handler
  38 0054 00 00 00 00             		.long	_AccessInst_Handler
  39 0058 00 00 00 00             		.long	0
  40 005c 00 00 00 00             		.long	_UndefinedInst_Handler
  41 0060 00 00 00 00             		.long	0
  42 0064 00 00 00 00             		.long	_FloatingPoint_Handler
  43 0068 00 00 00 00             		.long	0
  44 006c 00 00 00 00             		.long	0
  45 0070 00 00 00 00             		.long	0
  46 0074 00 00 00 00             		.long	0
  47 0078 00 00 00 00             		.long	_NMI_Handler
  48                             		.section P,"ax"
  49                             	.Letext0:
  50                             		.file 1 "D:\\tkernel_dev\\mtk3_bsp\\dev_bsp_b2_tbrx65n\\include/tk/typedef.h"
  51                             		.file 2 "D:\\tkernel_dev\\mtk3_bsp\\dev_bsp_b2_tbrx65n\\include/tk/syscall.h"
  52                             		.file 3 "D:\\tkernel_dev\\mtk3_bsp\\dev_bsp_b2_tbrx65n\\include/sys/queue.h"
  53                             		.file 4 "D:\\tkernel_dev\\mtk3_bsp\\dev_bsp_b2_tbrx65n\\kernel\\knlinc/kernel.h"
  54                             		.file 5 "d:\\tkernel_dev\\mtk3_bsp\\dev_bsp_b2_tbrx65n\\kernel\\tkernel\\timer.h"
  55                             		.file 6 "d:\\tkernel_dev\\mtk3_bsp\\dev_bsp_b2_tbrx65n\\kernel\\tkernel\\winfo.h"
  56                             		.file 7 "d:\\tkernel_dev\\mtk3_bsp\\dev_bsp_b2_tbrx65n\\kernel\\tkernel\\mutex.h"
  57                             		.file 8 "d:\\tkernel_dev\\mtk3_bsp\\dev_bsp_b2_tbrx65n\\kernel\\sysdepend\\cpu\\core\\rxv2\\sysdep
  58                             		.file 9 "d:\\tkernel_dev\\mtk3_bsp\\dev_bsp_b2_tbrx65n\\kernel\\sysdepend\\cpu\\core\\rxv2\\cpu_st
  59                             		.file 10 "../kernel/sysdepend/cpu/core/rxv2/../../../rtb_rx65n/../cpu/rx65n/sysdepend.h"
  60                             		.file 11 "../kernel/sysdepend/cpu/core/rxv2/vector_tbl.c"
